#
# There is insufficient memory for the Java Runtime Environment to continue.
# Native memory allocation (mmap) failed to map 246939648 bytes for committing reserved memory.
# Possible reasons:
#   The system is out of physical RAM or swap space
#   In 32 bit mode, the process size limit was hit
# Possible solutions:
#   Reduce memory load on the system
#   Increase physical memory or swap space
#   Check if swap backing store is full
#   Use 64 bit Java on a 64 bit OS
#   Decrease Java heap size (-Xmx/-Xms)
#   Decrease number of Java threads
#   Decrease Java thread stack sizes (-Xss)
#   Set larger code cache with -XX:ReservedCodeCacheSize=
# This output file may be truncated or incomplete.
#
#  Out of Memory Error (os_linux.cpp:2640), pid=19741, tid=0x00007fa5241b6700
#
# JRE version: Java(TM) SE Runtime Environment (8.0_131-b11) (build 1.8.0_131-b11)
# Java VM: Java HotSpot(TM) 64-Bit Server VM (25.131-b11 mixed mode linux-amd64 compressed oops)
# Failed to write core dump. Core dumps have been disabled. To enable core dumping, try "ulimit -c unlimited" before starting Java again
#

---------------  T H R E A D  ---------------

Current thread (0x00007fa520078000):  VMThread [stack: 0x00007fa5240b6000,0x00007fa5241b7000] [id=19751]

Stack: [0x00007fa5240b6000,0x00007fa5241b7000],  sp=0x00007fa5241b52a0,  free space=1020k
Native frames: (J=compiled Java code, j=interpreted, Vv=VM code, C=native code)
V  [libjvm.so+0xac826a]  VMError::report_and_die()+0x2ba
V  [libjvm.so+0x4fd4cb]  report_vm_out_of_memory(char const*, int, unsigned long, VMErrorType, char const*)+0x8b
V  [libjvm.so+0x924f53]  os::Linux::commit_memory_impl(char*, unsigned long, bool)+0x103
V  [libjvm.so+0x9254a9]  os::pd_commit_memory(char*, unsigned long, unsigned long, bool)+0x29
V  [libjvm.so+0x91f6ca]  os::commit_memory(char*, unsigned long, unsigned long, bool)+0x2a
V  [libjvm.so+0x9941e3]  PSVirtualSpace::expand_by(unsigned long)+0x53
V  [libjvm.so+0x9955e8]  PSYoungGen::resize_generation(unsigned long, unsigned long)+0xf8
V  [libjvm.so+0x994742]  PSYoungGen::resize(unsigned long, unsigned long)+0x22
V  [libjvm.so+0x991a1b]  PSScavenge::invoke_no_policy()+0xf3b
V  [libjvm.so+0x9921a1]  PSScavenge::invoke()+0x41
V  [libjvm.so+0x948f00]  ParallelScavengeHeap::failed_mem_allocate(unsigned long)+0x70
V  [libjvm.so+0xac9c87]  VM_ParallelGCFailedAllocation::doit()+0x97
V  [libjvm.so+0xad1765]  VM_Operation::evaluate()+0x55
V  [libjvm.so+0xacfb3a]  VMThread::evaluate_operation(VM_Operation*)+0xba
V  [libjvm.so+0xacfebe]  VMThread::loop()+0x1ce
V  [libjvm.so+0xad0330]  VMThread::run()+0x70
V  [libjvm.so+0x927568]  java_start(Thread*)+0x108

VM_Operation (0x00007fa51021b040): ParallelGCFailedAllocation, mode: safepoint, requested by thread 0x00007fa520132800


---------------  P R O C E S S  ---------------

Java Threads: ( => current thread )
  0x00007fa520132800 JavaThread "pool-1-thread-4" [_thread_blocked, id=19763, stack(0x00007fa51011c000,0x00007fa51021d000)]
  0x00007fa520131000 JavaThread "pool-1-thread-3" [_thread_blocked, id=19762, stack(0x00007fa51021d000,0x00007fa51031e000)]
  0x00007fa52012f000 JavaThread "pool-1-thread-2" [_thread_blocked, id=19761, stack(0x00007fa51031e000,0x00007fa51041f000)]
  0x00007fa52012e000 JavaThread "pool-1-thread-1" [_thread_blocked, id=19760, stack(0x00007fa51041f000,0x00007fa510520000)]
  0x00007fa5200c0800 JavaThread "Service Thread" daemon [_thread_blocked, id=19758, stack(0x00007fa510621000,0x00007fa510722000)]
  0x00007fa5200be000 JavaThread "C1 CompilerThread2" daemon [_thread_blocked, id=19757, stack(0x00007fa510722000,0x00007fa510823000)]
  0x00007fa5200bc000 JavaThread "C2 CompilerThread1" daemon [_thread_blocked, id=19756, stack(0x00007fa510823000,0x00007fa510924000)]
  0x00007fa5200b9000 JavaThread "C2 CompilerThread0" daemon [_thread_blocked, id=19755, stack(0x00007fa510924000,0x00007fa510a25000)]
  0x00007fa5200b7800 JavaThread "Signal Dispatcher" daemon [_thread_blocked, id=19754, stack(0x00007fa510a25000,0x00007fa510b26000)]
  0x00007fa520084800 JavaThread "Finalizer" daemon [_thread_blocked, id=19753, stack(0x00007fa510dfe000,0x00007fa510eff000)]
  0x00007fa52007f800 JavaThread "Reference Handler" daemon [_thread_blocked, id=19752, stack(0x00007fa510eff000,0x00007fa511000000)]
  0x00007fa52000a000 JavaThread "main" [_thread_blocked, id=19746, stack(0x00007fa529c91000,0x00007fa529d92000)]

Other Threads:
=>0x00007fa520078000 VMThread [stack: 0x00007fa5240b6000,0x00007fa5241b7000] [id=19751]
  0x00007fa5200c3800 WatcherThread [stack: 0x00007fa510520000,0x00007fa510621000] [id=19759]

VM state:at safepoint (normal execution)

VM Mutex/Monitor currently owned by a thread:  ([mutex/lock_event])
[0x00007fa520006720] Threads_lock - owner thread: 0x00007fa520078000
[0x00007fa520006c20] Heap_lock - owner thread: 0x00007fa520132800

Heap:
 PSYoungGen      total 410112K, used 288K [0x00000000d6f00000, 0x00000000f0800000, 0x0000000100000000)
  eden space 401408K, 0% used [0x00000000d6f00000,0x00000000d6f00000,0x00000000ef700000)
  from space 8704K, 3% used [0x00000000ef700000,0x00000000ef748000,0x00000000eff80000)
  to   space 8704K, 0% used [0x00000000eff80000,0x00000000eff80000,0x00000000f0800000)
 ParOldGen       total 84992K, used 11011K [0x0000000084c00000, 0x0000000089f00000, 0x00000000d6f00000)
  object space 84992K, 12% used [0x0000000084c00000,0x00000000856c0ce0,0x0000000089f00000)
 Metaspace       used 4294K, capacity 4860K, committed 5120K, reserved 1056768K
  class space    used 444K, capacity 496K, committed 512K, reserved 1048576K

Card table byte_map: [0x00007fa526658000,0x00007fa526a33000] byte_map_base: 0x00007fa526232000

Marking Bits: (ParMarkBitMap*) 0x00007fa52915ef60
 Begin Bits: [0x00007fa508260000, 0x00007fa50a130000)
 End Bits:   [0x00007fa50a130000, 0x00007fa50c000000)

Polling page: 0x00007fa529db1000

CodeCache: size=245760Kb used=3709Kb max_used=3720Kb free=242050Kb
 bounds [0x00007fa511000000, 0x00007fa5113b0000, 0x00007fa520000000]
 total_blobs=947 nmethods=680 adapters=181
 compilation: enabled

Compilation events (10 events):
Event: 6.305 Thread 0x00007fa5200be000 nmethod 685% 0x00007fa51138a410 code [0x00007fa51138aa60, 0x00007fa51138fa68]
Event: 6.305 Thread 0x00007fa5200b9000  686       4       utils.RunAndStore$FTrend::getI (15 bytes)
Event: 6.307 Thread 0x00007fa5200b9000 nmethod 686 0x00007fa51136ee90 code [0x00007fa51136efe0, 0x00007fa51136f2b8]
Event: 6.308 Thread 0x00007fa5200be000  687 %     3       algorithms.singleSolution.NonUniformSA::execute @ 320 (612 bytes)
Event: 6.310 Thread 0x00007fa5200b9000  688       4       algorithms.singleSolution.CMAES_11::execute (408 bytes)
Event: 6.313 Thread 0x00007fa5200be000 nmethod 687% 0x00007fa511394d10 code [0x00007fa511395360, 0x00007fa51139a228]
Event: 6.314 Thread 0x00007fa5200be000  689       3       algorithms.singleSolution.NonUniformSA::execute (612 bytes)
Event: 6.319 Thread 0x00007fa5200be000 nmethod 689 0x00007fa51139f4d0 code [0x00007fa51139fb00, 0x00007fa5113a45e8]
Event: 6.350 Thread 0x00007fa5200bc000  690       4       java.lang.Integer::getChars (131 bytes)
Event: 6.364 Thread 0x00007fa5200bc000 nmethod 690 0x00007fa51136e990 code [0x00007fa51136eae0, 0x00007fa51136ecb8]

GC Heap History (10 events):
Event: 3.150 GC heap after
Heap after GC invocations=6 (full 0):
 PSYoungGen      total 130048K, used 4076K [0x00000000d6f00000, 0x00000000df500000, 0x0000000100000000)
  eden space 125952K, 0% used [0x00000000d6f00000,0x00000000d6f00000,0x00000000dea00000)
  from space 4096K, 99% used [0x00000000def00000,0x00000000df2fb130,0x00000000df300000)
  to   space 5120K, 0% used [0x00000000dea00000,0x00000000dea00000,0x00000000def00000)
 ParOldGen       total 84992K, used 516K [0x0000000084c00000, 0x0000000089f00000, 0x00000000d6f00000)
  object space 84992K, 0% used [0x0000000084c00000,0x0000000084c81390,0x0000000089f00000)
 Metaspace       used 3918K, capacity 4700K, committed 4864K, reserved 1056768K
  class space    used 413K, capacity 464K, committed 512K, reserved 1048576K
}
Event: 3.613 GC heap before
{Heap before GC invocations=7 (full 0):
 PSYoungGen      total 130048K, used 130028K [0x00000000d6f00000, 0x00000000df500000, 0x0000000100000000)
  eden space 125952K, 100% used [0x00000000d6f00000,0x00000000dea00000,0x00000000dea00000)
  from space 4096K, 99% used [0x00000000def00000,0x00000000df2fb130,0x00000000df300000)
  to   space 5120K, 0% used [0x00000000dea00000,0x00000000dea00000,0x00000000def00000)
 ParOldGen       total 84992K, used 516K [0x0000000084c00000, 0x0000000089f00000, 0x00000000d6f00000)
  object space 84992K, 0% used [0x0000000084c00000,0x0000000084c81390,0x0000000089f00000)
 Metaspace       used 3918K, capacity 4700K, committed 4864K, reserved 1056768K
  class space    used 413K, capacity 464K, committed 512K, reserved 1048576K
Event: 3.646 GC heap after
Heap after GC invocations=7 (full 0):
 PSYoungGen      total 131072K, used 5100K [0x00000000d6f00000, 0x00000000e7300000, 0x0000000100000000)
  eden space 125952K, 0% used [0x00000000d6f00000,0x00000000d6f00000,0x00000000dea00000)
  from space 5120K, 99% used [0x00000000dea00000,0x00000000deefb0a0,0x00000000def00000)
  to   space 7168K, 0% used [0x00000000e6c00000,0x00000000e6c00000,0x00000000e7300000)
 ParOldGen       total 84992K, used 1934K [0x0000000084c00000, 0x0000000089f00000, 0x00000000d6f00000)
  object space 84992K, 2% used [0x0000000084c00000,0x0000000084de3870,0x0000000089f00000)
 Metaspace       used 3918K, capacity 4700K, committed 4864K, reserved 1056768K
  class space    used 413K, capacity 464K, committed 512K, reserved 1048576K
}
Event: 4.065 GC heap before
{Heap before GC invocations=8 (full 0):
 PSYoungGen      total 131072K, used 131052K [0x00000000d6f00000, 0x00000000e7300000, 0x0000000100000000)
  eden space 125952K, 100% used [0x00000000d6f00000,0x00000000dea00000,0x00000000dea00000)
  from space 5120K, 99% used [0x00000000dea00000,0x00000000deefb0a0,0x00000000def00000)
  to   space 7168K, 0% used [0x00000000e6c00000,0x00000000e6c00000,0x00000000e7300000)
 ParOldGen       total 84992K, used 1934K [0x0000000084c00000, 0x0000000089f00000, 0x00000000d6f00000)
  object space 84992K, 2% used [0x0000000084c00000,0x0000000084de3870,0x0000000089f00000)
 Metaspace       used 3924K, capacity 4700K, committed 4864K, reserved 1056768K
  class space    used 413K, capacity 464K, committed 512K, reserved 1048576K
Event: 4.075 GC heap after
Heap after GC invocations=8 (full 0):
 PSYoungGen      total 258048K, used 6499K [0x00000000d6f00000, 0x00000000e7500000, 0x0000000100000000)
  eden space 250880K, 0% used [0x00000000d6f00000,0x00000000d6f00000,0x00000000e6400000)
  from space 7168K, 90% used [0x00000000e6c00000,0x00000000e7258d40,0x00000000e7300000)
  to   space 8192K, 0% used [0x00000000e6400000,0x00000000e6400000,0x00000000e6c00000)
 ParOldGen       total 84992K, used 2950K [0x0000000084c00000, 0x0000000089f00000, 0x00000000d6f00000)
  object space 84992K, 3% used [0x0000000084c00000,0x0000000084ee1b00,0x0000000089f00000)
 Metaspace       used 3924K, capacity 4700K, committed 4864K, reserved 1056768K
  class space    used 413K, capacity 464K, committed 512K, reserved 1048576K
}
Event: 5.296 GC heap before
{Heap before GC invocations=9 (full 0):
 PSYoungGen      total 258048K, used 257379K [0x00000000d6f00000, 0x00000000e7500000, 0x0000000100000000)
  eden space 250880K, 100% used [0x00000000d6f00000,0x00000000e6400000,0x00000000e6400000)
  from space 7168K, 90% used [0x00000000e6c00000,0x00000000e7258d40,0x00000000e7300000)
  to   space 8192K, 0% used [0x00000000e6400000,0x00000000e6400000,0x00000000e6c00000)
 ParOldGen       total 84992K, used 2950K [0x0000000084c00000, 0x0000000089f00000, 0x00000000d6f00000)
  object space 84992K, 3% used [0x0000000084c00000,0x0000000084ee1b00,0x0000000089f00000)
 Metaspace       used 4254K, capacity 4828K, committed 5120K, reserved 1056768K
  class space    used 440K, capacity 464K, committed 512K, reserved 1048576K
Event: 5.338 GC heap after
Heap after GC invocations=9 (full 0):
 PSYoungGen      total 259072K, used 6634K [0x00000000d6f00000, 0x00000000f0800000, 0x0000000100000000)
  eden space 250880K, 0% used [0x00000000d6f00000,0x00000000d6f00000,0x00000000e6400000)
  from space 8192K, 80% used [0x00000000e6400000,0x00000000e6a7a880,0x00000000e6c00000)
  to   space 8704K, 0% used [0x00000000eff80000,0x00000000eff80000,0x00000000f0800000)
 ParOldGen       total 84992K, used 4602K [0x0000000084c00000, 0x0000000089f00000, 0x00000000d6f00000)
  object space 84992K, 5% used [0x0000000084c00000,0x000000008507e9e0,0x0000000089f00000)
 Metaspace       used 4254K, capacity 4828K, committed 5120K, reserved 1056768K
  class space    used 440K, capacity 464K, committed 512K, reserved 1048576K
}
Event: 5.672 GC heap before
{Heap before GC invocations=10 (full 0):
 PSYoungGen      total 259072K, used 257514K [0x00000000d6f00000, 0x00000000f0800000, 0x0000000100000000)
  eden space 250880K, 100% used [0x00000000d6f00000,0x00000000e6400000,0x00000000e6400000)
  from space 8192K, 80% used [0x00000000e6400000,0x00000000e6a7a880,0x00000000e6c00000)
  to   space 8704K, 0% used [0x00000000eff80000,0x00000000eff80000,0x00000000f0800000)
 ParOldGen       total 84992K, used 4602K [0x0000000084c00000, 0x0000000089f00000, 0x00000000d6f00000)
  object space 84992K, 5% used [0x0000000084c00000,0x000000008507e9e0,0x0000000089f00000)
 Metaspace       used 4287K, capacity 4860K, committed 5120K, reserved 1056768K
  class space    used 444K, capacity 496K, committed 512K, reserved 1048576K
Event: 5.697 GC heap after
Heap after GC invocations=10 (full 0):
 PSYoungGen      total 410112K, used 2106K [0x00000000d6f00000, 0x00000000f0800000, 0x0000000100000000)
  eden space 401408K, 0% used [0x00000000d6f00000,0x00000000d6f00000,0x00000000ef700000)
  from space 8704K, 24% used [0x00000000eff80000,0x00000000f018e908,0x00000000f0800000)
  to   space 8704K, 0% used [0x00000000ef700000,0x00000000ef700000,0x00000000eff80000)
 ParOldGen       total 84992K, used 9361K [0x0000000084c00000, 0x0000000089f00000, 0x00000000d6f00000)
  object space 84992K, 11% used [0x0000000084c00000,0x00000000855244d0,0x0000000089f00000)
 Metaspace       used 4287K, capacity 4860K, committed 5120K, reserved 1056768K
  class space    used 444K, capacity 496K, committed 512K, reserved 1048576K
}
Event: 6.401 GC heap before
{Heap before GC invocations=11 (full 0):
 PSYoungGen      total 410112K, used 403514K [0x00000000d6f00000, 0x00000000f0800000, 0x0000000100000000)
  eden space 401408K, 100% used [0x00000000d6f00000,0x00000000ef700000,0x00000000ef700000)
  from space 8704K, 24% used [0x00000000eff80000,0x00000000f018e908,0x00000000f0800000)
  to   space 8704K, 0% used [0x00000000ef700000,0x00000000ef700000,0x00000000eff80000)
 ParOldGen       total 84992K, used 9361K [0x0000000084c00000, 0x0000000089f00000, 0x00000000d6f00000)
  object space 84992K, 11% used [0x0000000084c00000,0x00000000855244d0,0x0000000089f00000)
 Metaspace       used 4294K, capacity 4860K, committed 5120K, reserved 1056768K
  class space    used 444K, capacity 496K, committed 512K, reserved 1048576K

Deoptimization events (10 events):
Event: 4.998 Thread 0x00007fa520131000 Uncommon trap: reason=unstable_if action=reinterpret pc=0x00007fa5112c0d3c method=utils.algorithms.Misc.toro([D[[D)[D @ 48
Event: 5.356 Thread 0x00007fa52012f000 Uncommon trap: reason=intrinsic action=make_not_entrant pc=0x00007fa5113183d8 method=algorithms.singleSolution.NonUniformSA.execute(Linterfaces/Problem;I)Lutils/RunAndStore$FTrend; @ 522
Event: 5.549 Thread 0x00007fa520132800 Uncommon trap: reason=unstable_if action=reinterpret pc=0x00007fa51131fafc method=algorithms.singleSolution.CMAES_11.execute(Linterfaces/Problem;I)Lutils/RunAndStore$FTrend; @ 374
Event: 5.602 Thread 0x00007fa520131000 Uncommon trap: reason=unstable_if action=reinterpret pc=0x00007fa51131fafc method=algorithms.singleSolution.CMAES_11.execute(Linterfaces/Problem;I)Lutils/RunAndStore$FTrend; @ 374
Event: 5.778 Thread 0x00007fa520132800 Uncommon trap: reason=unstable_if action=reinterpret pc=0x00007fa511336f60 method=algorithms.singleSolution.NonUniformSA.execute(Linterfaces/Problem;I)Lutils/RunAndStore$FTrend; @ 177
Event: 5.891 Thread 0x00007fa520132800 Uncommon trap: reason=unstable_if action=reinterpret pc=0x00007fa5113509c8 method=utils.algorithms.Misc.toro([D[[D)[D @ 77
Event: 5.891 Thread 0x00007fa520132800 Uncommon trap: reason=unstable_if action=reinterpret pc=0x00007fa5112e32e0 method=utils.algorithms.Misc.toro([D[[D)[D @ 77
Event: 5.915 Thread 0x00007fa520132800 Uncommon trap: reason=unstable_if action=reinterpret pc=0x00007fa511325088 method=utils.algorithms.Misc.toro([D[[D)[D @ 77
Event: 6.080 Thread 0x00007fa52012e000 Uncommon trap: reason=intrinsic action=make_not_entrant pc=0x00007fa511374bc8 method=algorithms.singleSolution.NonUniformSA.execute(Linterfaces/Problem;I)Lutils/RunAndStore$FTrend; @ 346
Event: 6.308 Thread 0x00007fa520131000 Uncommon trap: reason=intrinsic action=make_not_entrant pc=0x00007fa51138652c method=algorithms.singleSolution.NonUniformSA.execute(Linterfaces/Problem;I)Lutils/RunAndStore$FTrend; @ 346

Internal exceptions (6 events):
Event: 0.343 Thread 0x00007fa52000a000 Exception <a 'java/lang/NoSuchMethodError': Method sun.misc.Unsafe.defineClass(Ljava/lang/String;[BII)Ljava/lang/Class; name or signature does not match> (0x00000000d6f07ca8) thrown at [/HUDSON/workspace/8-2-build-linux-amd64/jdk8u131/8869/hotspot/src/sha
Event: 0.343 Thread 0x00007fa52000a000 Exception <a 'java/lang/NoSuchMethodError': Method sun.misc.Unsafe.prefetchRead(Ljava/lang/Object;J)V name or signature does not match> (0x00000000d6f07f90) thrown at [/HUDSON/workspace/8-2-build-linux-amd64/jdk8u131/8869/hotspot/src/share/vm/prims/jni.cp
Event: 0.933 Thread 0x00007fa52000a000 Exception <a 'java/security/PrivilegedActionException'> (0x00000000d6f92010) thrown at [/HUDSON/workspace/8-2-build-linux-amd64/jdk8u131/8869/hotspot/src/share/vm/prims/jvm.cpp, line 1390]
Event: 0.933 Thread 0x00007fa52000a000 Exception <a 'java/security/PrivilegedActionException'> (0x00000000d6f92220) thrown at [/HUDSON/workspace/8-2-build-linux-amd64/jdk8u131/8869/hotspot/src/share/vm/prims/jvm.cpp, line 1390]
Event: 0.933 Thread 0x00007fa52000a000 Exception <a 'java/security/PrivilegedActionException'> (0x00000000d6f94870) thrown at [/HUDSON/workspace/8-2-build-linux-amd64/jdk8u131/8869/hotspot/src/share/vm/prims/jvm.cpp, line 1390]
Event: 0.933 Thread 0x00007fa52000a000 Exception <a 'java/security/PrivilegedActionException'> (0x00000000d6f94a80) thrown at [/HUDSON/workspace/8-2-build-linux-amd64/jdk8u131/8869/hotspot/src/share/vm/prims/jvm.cpp, line 1390]

Events (10 events):
Event: 6.308 Thread 0x00007fa520131000 DEOPT UNPACKING pc=0x00007fa511005229 sp=0x00007fa51031c290 mode 2
Event: 6.309 Thread 0x00007fa520131000 DEOPT PACKING pc=0x00007fa511361e4a sp=0x00007fa51031c230
Event: 6.309 Thread 0x00007fa520131000 DEOPT UNPACKING pc=0x00007fa511047633 sp=0x00007fa51031c020 mode 0
Event: 6.325 Thread 0x00007fa52012e000 DEOPT PACKING pc=0x00007fa511361e4a sp=0x00007fa51051e330
Event: 6.325 Thread 0x00007fa52012e000 DEOPT UNPACKING pc=0x00007fa511047633 sp=0x00007fa51051e120 mode 0
Event: 6.344 Thread 0x00007fa520132800 DEOPT PACKING pc=0x00007fa511361e4a sp=0x00007fa51021b0b0
Event: 6.344 Thread 0x00007fa520132800 DEOPT UNPACKING pc=0x00007fa511047633 sp=0x00007fa51021aea0 mode 0
Event: 6.383 Thread 0x00007fa52012f000 DEOPT PACKING pc=0x00007fa511361e0d sp=0x00007fa51041d1b0
Event: 6.383 Thread 0x00007fa52012f000 DEOPT UNPACKING pc=0x00007fa511047633 sp=0x00007fa51041cfa0 mode 0
Event: 6.400 Executing VM operation: ParallelGCFailedAllocation


Dynamic libraries:
00400000-00401000 r-xp 00000000 08:03 6828935                            /usr/lib/jvm/java-8-oracle/bin/java
00600000-00601000 rw-p 00000000 08:03 6828935                            /usr/lib/jvm/java-8-oracle/bin/java
02169000-0218a000 rw-p 00000000 00:00 0                                  [heap]
84c00000-89f00000 rw-p 00000000 00:00 0 
89f00000-d6f00000 ---p 00000000 00:00 0 
d6f00000-f0800000 rw-p 00000000 00:00 0 
ff380000-100000000 ---p 00000000 00:00 0 
100000000-100080000 rw-p 00000000 00:00 0 
100080000-140000000 ---p 00000000 00:00 0 
7fa4c8000000-7fa4c8021000 rw-p 00000000 00:00 0 
7fa4c8021000-7fa4cc000000 ---p 00000000 00:00 0 
7fa4cc000000-7fa4cc021000 rw-p 00000000 00:00 0 
7fa4cc021000-7fa4d0000000 ---p 00000000 00:00 0 
7fa4d0000000-7fa4d0296000 rw-p 00000000 00:00 0 
7fa4d0296000-7fa4d4000000 ---p 00000000 00:00 0 
7fa4d4000000-7fa4d4021000 rw-p 00000000 00:00 0 
7fa4d4021000-7fa4d8000000 ---p 00000000 00:00 0 
7fa4d8000000-7fa4d8021000 rw-p 00000000 00:00 0 
7fa4d8021000-7fa4dc000000 ---p 00000000 00:00 0 
7fa4dc000000-7fa4dc021000 rw-p 00000000 00:00 0 
7fa4dc021000-7fa4e0000000 ---p 00000000 00:00 0 
7fa4e0000000-7fa4e070b000 rw-p 00000000 00:00 0 
7fa4e070b000-7fa4e4000000 ---p 00000000 00:00 0 
7fa4e4000000-7fa4e4535000 rw-p 00000000 00:00 0 
7fa4e4535000-7fa4e8000000 ---p 00000000 00:00 0 
7fa4e8000000-7fa4e8021000 rw-p 00000000 00:00 0 
7fa4e8021000-7fa4ec000000 ---p 00000000 00:00 0 
7fa4ec000000-7fa4ec6b8000 rw-p 00000000 00:00 0 
7fa4ec6b8000-7fa4f0000000 ---p 00000000 00:00 0 
7fa4f0000000-7fa4f0021000 rw-p 00000000 00:00 0 
7fa4f0021000-7fa4f4000000 ---p 00000000 00:00 0 
7fa4f4000000-7fa4f4021000 rw-p 00000000 00:00 0 
7fa4f4021000-7fa4f8000000 ---p 00000000 00:00 0 
7fa4f8000000-7fa4f8021000 rw-p 00000000 00:00 0 
7fa4f8021000-7fa4fc000000 ---p 00000000 00:00 0 
7fa4fc000000-7fa4fc28f000 rw-p 00000000 00:00 0 
7fa4fc28f000-7fa500000000 ---p 00000000 00:00 0 
7fa500000000-7fa500021000 rw-p 00000000 00:00 0 
7fa500021000-7fa504000000 ---p 00000000 00:00 0 
7fa504000000-7fa504021000 rw-p 00000000 00:00 0 
7fa504021000-7fa508000000 ---p 00000000 00:00 0 
7fa508260000-7fa50c000000 rw-p 00000000 00:00 0 
7fa50c000000-7fa50c021000 rw-p 00000000 00:00 0 
7fa50c021000-7fa510000000 ---p 00000000 00:00 0 
7fa51011c000-7fa51011f000 ---p 00000000 00:00 0 
7fa51011f000-7fa51021d000 rw-p 00000000 00:00 0 
7fa51021d000-7fa510220000 ---p 00000000 00:00 0 
7fa510220000-7fa51031e000 rw-p 00000000 00:00 0 
7fa51031e000-7fa510321000 ---p 00000000 00:00 0 
7fa510321000-7fa51041f000 rw-p 00000000 00:00 0 
7fa51041f000-7fa510422000 ---p 00000000 00:00 0 
7fa510422000-7fa510520000 rw-p 00000000 00:00 0 
7fa510520000-7fa510521000 ---p 00000000 00:00 0 
7fa510521000-7fa510621000 rw-p 00000000 00:00 0 
7fa510621000-7fa510624000 ---p 00000000 00:00 0 
7fa510624000-7fa510722000 rw-p 00000000 00:00 0 
7fa510722000-7fa510725000 ---p 00000000 00:00 0 
7fa510725000-7fa510823000 rw-p 00000000 00:00 0 
7fa510823000-7fa510826000 ---p 00000000 00:00 0 
7fa510826000-7fa510924000 rw-p 00000000 00:00 0 
7fa510924000-7fa510927000 ---p 00000000 00:00 0 
7fa510927000-7fa510a25000 rw-p 00000000 00:00 0 
7fa510a25000-7fa510a28000 ---p 00000000 00:00 0 
7fa510a28000-7fa510b26000 rw-p 00000000 00:00 0 
7fa510b26000-7fa510dfe000 r--p 00000000 08:03 6816161                    /usr/lib/locale/locale-archive
7fa510dfe000-7fa510e01000 ---p 00000000 00:00 0 
7fa510e01000-7fa510eff000 rw-p 00000000 00:00 0 
7fa510eff000-7fa510f02000 ---p 00000000 00:00 0 
7fa510f02000-7fa511000000 rw-p 00000000 00:00 0 
7fa511000000-7fa5113b0000 rwxp 00000000 00:00 0 
7fa5113b0000-7fa520000000 ---p 00000000 00:00 0 
7fa520000000-7fa520136000 rw-p 00000000 00:00 0 
7fa520136000-7fa524000000 ---p 00000000 00:00 0 
7fa524087000-7fa5240b1000 r--s 001ce000 08:03 27657519                   /home/facaraff/git/BlasphMeme/BlasphMeme/jars/org.jar
7fa5240b1000-7fa5240b6000 r--s 00084000 08:03 8004123                    /usr/lib/jvm/java-8-oracle/jre/lib/jfr.jar
7fa5240b6000-7fa5240b7000 ---p 00000000 00:00 0 
7fa5240b7000-7fa525199000 rw-p 00000000 00:00 0 
7fa525199000-7fa525372000 r--s 03d40000 08:03 8004146                    /usr/lib/jvm/java-8-oracle/jre/lib/rt.jar
7fa525372000-7fa525868000 rw-p 00000000 00:00 0 
7fa525868000-7fa525be8000 ---p 00000000 00:00 0 
7fa525be8000-7fa525fc2000 rw-p 00000000 00:00 0 
7fa525fc2000-7fa525fc3000 ---p 00000000 00:00 0 
7fa525fc3000-7fa5260c3000 rw-p 00000000 00:00 0 
7fa5260c3000-7fa5260c4000 ---p 00000000 00:00 0 
7fa5260c4000-7fa5261c4000 rw-p 00000000 00:00 0 
7fa5261c4000-7fa5261c5000 ---p 00000000 00:00 0 
7fa5261c5000-7fa5262c5000 rw-p 00000000 00:00 0 
7fa5262c5000-7fa5262c6000 ---p 00000000 00:00 0 
7fa5262c6000-7fa5263f0000 rw-p 00000000 00:00 0 
7fa5263f0000-7fa526658000 ---p 00000000 00:00 0 
7fa526658000-7fa526682000 rw-p 00000000 00:00 0 
7fa526682000-7fa5268e9000 ---p 00000000 00:00 0 
7fa5268e9000-7fa5269b6000 rw-p 00000000 00:00 0 
7fa5269b6000-7fa526a32000 ---p 00000000 00:00 0 
7fa526a32000-7fa526a42000 rw-p 00000000 00:00 0 
7fa526a42000-7fa526df3000 ---p 00000000 00:00 0 
7fa526df3000-7fa526e0d000 r-xp 00000000 08:03 8794791                    /usr/lib/jvm/java-8-oracle/jre/lib/amd64/libzip.so
7fa526e0d000-7fa52700d000 ---p 0001a000 08:03 8794791                    /usr/lib/jvm/java-8-oracle/jre/lib/amd64/libzip.so
7fa52700d000-7fa52700e000 rw-p 0001a000 08:03 8794791                    /usr/lib/jvm/java-8-oracle/jre/lib/amd64/libzip.so
7fa52700e000-7fa527019000 r-xp 00000000 08:03 10493142                   /lib/x86_64-linux-gnu/libnss_files-2.23.so
7fa527019000-7fa527218000 ---p 0000b000 08:03 10493142                   /lib/x86_64-linux-gnu/libnss_files-2.23.so
7fa527218000-7fa527219000 r--p 0000a000 08:03 10493142                   /lib/x86_64-linux-gnu/libnss_files-2.23.so
7fa527219000-7fa52721a000 rw-p 0000b000 08:03 10493142                   /lib/x86_64-linux-gnu/libnss_files-2.23.so
7fa52721a000-7fa527220000 rw-p 00000000 00:00 0 
7fa527220000-7fa52722b000 r-xp 00000000 08:03 10493146                   /lib/x86_64-linux-gnu/libnss_nis-2.23.so
7fa52722b000-7fa52742a000 ---p 0000b000 08:03 10493146                   /lib/x86_64-linux-gnu/libnss_nis-2.23.so
7fa52742a000-7fa52742b000 r--p 0000a000 08:03 10493146                   /lib/x86_64-linux-gnu/libnss_nis-2.23.so
7fa52742b000-7fa52742c000 rw-p 0000b000 08:03 10493146                   /lib/x86_64-linux-gnu/libnss_nis-2.23.so
7fa52742c000-7fa527442000 r-xp 00000000 08:03 10486579                   /lib/x86_64-linux-gnu/libnsl-2.23.so
7fa527442000-7fa527641000 ---p 00016000 08:03 10486579                   /lib/x86_64-linux-gnu/libnsl-2.23.so
7fa527641000-7fa527642000 r--p 00015000 08:03 10486579                   /lib/x86_64-linux-gnu/libnsl-2.23.so
7fa527642000-7fa527643000 rw-p 00016000 08:03 10486579                   /lib/x86_64-linux-gnu/libnsl-2.23.so
7fa527643000-7fa527645000 rw-p 00000000 00:00 0 
7fa527645000-7fa52764d000 r-xp 00000000 08:03 10493137                   /lib/x86_64-linux-gnu/libnss_compat-2.23.so
7fa52764d000-7fa52784c000 ---p 00008000 08:03 10493137                   /lib/x86_64-linux-gnu/libnss_compat-2.23.so
7fa52784c000-7fa52784d000 r--p 00007000 08:03 10493137                   /lib/x86_64-linux-gnu/libnss_compat-2.23.so
7fa52784d000-7fa52784e000 rw-p 00008000 08:03 10493137                   /lib/x86_64-linux-gnu/libnss_compat-2.23.so
7fa52784e000-7fa527879000 r-xp 00000000 08:03 8794785                    /usr/lib/jvm/java-8-oracle/jre/lib/amd64/libjava.so
7fa527879000-7fa527a78000 ---p 0002b000 08:03 8794785                    /usr/lib/jvm/java-8-oracle/jre/lib/amd64/libjava.so
7fa527a78000-7fa527a7a000 rw-p 0002a000 08:03 8794785                    /usr/lib/jvm/java-8-oracle/jre/lib/amd64/libjava.so
7fa527a7a000-7fa527a87000 r-xp 00000000 08:03 8794790                    /usr/lib/jvm/java-8-oracle/jre/lib/amd64/libverify.so
7fa527a87000-7fa527c86000 ---p 0000d000 08:03 8794790                    /usr/lib/jvm/java-8-oracle/jre/lib/amd64/libverify.so
7fa527c86000-7fa527c88000 rw-p 0000c000 08:03 8794790                    /usr/lib/jvm/java-8-oracle/jre/lib/amd64/libverify.so
7fa527c88000-7fa527c8f000 r-xp 00000000 08:03 10493147                   /lib/x86_64-linux-gnu/librt-2.23.so
7fa527c8f000-7fa527e8e000 ---p 00007000 08:03 10493147                   /lib/x86_64-linux-gnu/librt-2.23.so
7fa527e8e000-7fa527e8f000 r--p 00006000 08:03 10493147                   /lib/x86_64-linux-gnu/librt-2.23.so
7fa527e8f000-7fa527e90000 rw-p 00007000 08:03 10493147                   /lib/x86_64-linux-gnu/librt-2.23.so
7fa527e90000-7fa527f98000 r-xp 00000000 08:03 10486578                   /lib/x86_64-linux-gnu/libm-2.23.so
7fa527f98000-7fa528197000 ---p 00108000 08:03 10486578                   /lib/x86_64-linux-gnu/libm-2.23.so
7fa528197000-7fa528198000 r--p 00107000 08:03 10486578                   /lib/x86_64-linux-gnu/libm-2.23.so
7fa528198000-7fa528199000 rw-p 00108000 08:03 10486578                   /lib/x86_64-linux-gnu/libm-2.23.so
7fa528199000-7fa528e68000 r-xp 00000000 08:03 8794768                    /usr/lib/jvm/java-8-oracle/jre/lib/amd64/server/libjvm.so
7fa528e68000-7fa529068000 ---p 00ccf000 08:03 8794768                    /usr/lib/jvm/java-8-oracle/jre/lib/amd64/server/libjvm.so
7fa529068000-7fa529141000 rw-p 00ccf000 08:03 8794768                    /usr/lib/jvm/java-8-oracle/jre/lib/amd64/server/libjvm.so
7fa529141000-7fa52918c000 rw-p 00000000 00:00 0 
7fa52918c000-7fa52934c000 r-xp 00000000 08:03 10493129                   /lib/x86_64-linux-gnu/libc-2.23.so
7fa52934c000-7fa52954c000 ---p 001c0000 08:03 10493129                   /lib/x86_64-linux-gnu/libc-2.23.so
7fa52954c000-7fa529550000 r--p 001c0000 08:03 10493129                   /lib/x86_64-linux-gnu/libc-2.23.so
7fa529550000-7fa529552000 rw-p 001c4000 08:03 10493129                   /lib/x86_64-linux-gnu/libc-2.23.so
7fa529552000-7fa529556000 rw-p 00000000 00:00 0 
7fa529556000-7fa529559000 r-xp 00000000 08:03 10493131                   /lib/x86_64-linux-gnu/libdl-2.23.so
7fa529559000-7fa529758000 ---p 00003000 08:03 10493131                   /lib/x86_64-linux-gnu/libdl-2.23.so
7fa529758000-7fa529759000 r--p 00002000 08:03 10493131                   /lib/x86_64-linux-gnu/libdl-2.23.so
7fa529759000-7fa52975a000 rw-p 00003000 08:03 10493131                   /lib/x86_64-linux-gnu/libdl-2.23.so
7fa52975a000-7fa52976f000 r-xp 00000000 08:03 7868291                    /usr/lib/jvm/java-8-oracle/lib/amd64/jli/libjli.so
7fa52976f000-7fa52996f000 ---p 00015000 08:03 7868291                    /usr/lib/jvm/java-8-oracle/lib/amd64/jli/libjli.so
7fa52996f000-7fa529970000 rw-p 00015000 08:03 7868291                    /usr/lib/jvm/java-8-oracle/lib/amd64/jli/libjli.so
7fa529970000-7fa529988000 r-xp 00000000 08:03 10493128                   /lib/x86_64-linux-gnu/libpthread-2.23.so
7fa529988000-7fa529b87000 ---p 00018000 08:03 10493128                   /lib/x86_64-linux-gnu/libpthread-2.23.so
7fa529b87000-7fa529b88000 r--p 00017000 08:03 10493128                   /lib/x86_64-linux-gnu/libpthread-2.23.so
7fa529b88000-7fa529b89000 rw-p 00018000 08:03 10493128                   /lib/x86_64-linux-gnu/libpthread-2.23.so
7fa529b89000-7fa529b8d000 rw-p 00000000 00:00 0 
7fa529b8d000-7fa529bb3000 r-xp 00000000 08:03 10493127                   /lib/x86_64-linux-gnu/ld-2.23.so
7fa529bb3000-7fa529bc6000 r--s 00345000 08:03 8004150                    /usr/lib/jvm/java-8-oracle/jre/lib/resources.jar
7fa529bc6000-7fa529c91000 rw-p 00000000 00:00 0 
7fa529c91000-7fa529c94000 ---p 00000000 00:00 0 
7fa529c94000-7fa529d97000 rw-p 00000000 00:00 0 
7fa529d9a000-7fa529d9b000 r--p 00000000 08:03 8654476                    /usr/share/locale-langpack/en_GB/LC_MESSAGES/libc.mo
7fa529d9b000-7fa529da0000 r--s 002f9000 08:03 8004144                    /usr/lib/jvm/java-8-oracle/jre/lib/charsets.jar
7fa529da0000-7fa529da3000 r--s 0001a000 08:03 8004157                    /usr/lib/jvm/java-8-oracle/jre/lib/jce.jar
7fa529da3000-7fa529da8000 r--s 0009a000 08:03 8004151                    /usr/lib/jvm/java-8-oracle/jre/lib/jsse.jar
7fa529da8000-7fa529db0000 rw-s 00000000 08:03 393435                     /tmp/hsperfdata_facaraff/19741
7fa529db0000-7fa529db1000 rw-p 00000000 00:00 0 
7fa529db1000-7fa529db2000 ---p 00000000 00:00 0 
7fa529db2000-7fa529db3000 r--p 00025000 08:03 10493127                   /lib/x86_64-linux-gnu/ld-2.23.so
7fa529db3000-7fa529db4000 rw-p 00026000 08:03 10493127                   /lib/x86_64-linux-gnu/ld-2.23.so
7fa529db4000-7fa529db5000 rw-p 00000000 00:00 0 
7ffe5d213000-7ffe5d234000 rw-p 00000000 00:00 0                          [stack]
7ffe5d363000-7ffe5d366000 r--p 00000000 00:00 0                          [vvar]
7ffe5d366000-7ffe5d368000 r-xp 00000000 00:00 0                          [vdso]
ffffffffff600000-ffffffffff601000 r-xp 00000000 00:00 0                  [vsyscall]

VM Arguments:
jvm_args: -Djava.library.path=/home/facaraff/git/BlasphMeme/BlasphMeme/bin/utils/benchmarks/nativeLibraries/x86_64 -Dfile.encoding=UTF-8 
java_command: RunExperiments
java_class_path (initial): /usr/lib/jvm/java-8-oracle/jre/lib/resources.jar:/usr/lib/jvm/java-8-oracle/jre/lib/rt.jar:/usr/lib/jvm/java-8-oracle/jre/lib/jsse.jar:/usr/lib/jvm/java-8-oracle/jre/lib/jce.jar:/usr/lib/jvm/java-8-oracle/jre/lib/charsets.jar:/usr/lib/jvm/java-8-oracle/jre/lib/jfr.jar:/usr/lib/jvm/java-8-oracle/jre/lib/ext/nashorn.jar:/usr/lib/jvm/java-8-oracle/jre/lib/ext/jfxrt.jar:/usr/lib/jvm/java-8-oracle/jre/lib/ext/localedata.jar:/usr/lib/jvm/java-8-oracle/jre/lib/ext/sunec.jar:/usr/lib/jvm/java-8-oracle/jre/lib/ext/zipfs.jar:/usr/lib/jvm/java-8-oracle/jre/lib/ext/dnsns.jar:/usr/lib/jvm/java-8-oracle/jre/lib/ext/jaccess.jar:/usr/lib/jvm/java-8-oracle/jre/lib/ext/sunpkcs11.jar:/usr/lib/jvm/java-8-oracle/jre/lib/ext/cldrdata.jar:/usr/lib/jvm/java-8-oracle/jre/lib/ext/sunjce_provider.jar:/home/facaraff/git/BlasphMeme/BlasphMeme/bin:/home/facaraff/git/BlasphMeme/BlasphMeme/jars/org.jar:/home/facaraff/git/BlasphMeme/BlasphMeme/jars/jsc.jar:/home/facaraff/git/BlasphMeme/BlasphMeme/jars/jblas-1.2.3.jar
Launcher Type: SUN_STANDARD

Environment Variables:
JAVA_HOME=/usr/lib/jvm/java-8-oracle
PATH=/home/facaraff/bin:/home/facaraff/.local/bin:/usr/local/sbin:/usr/local/bin:/usr/sbin:/usr/bin:/sbin:/bin:/usr/games:/usr/local/games:/snap/bin:/usr/lib/jvm/java-8-oracle/bin:/usr/lib/jvm/java-8-oracle/db/bin:/usr/lib/jvm/java-8-oracle/jre/bin
SHELL=/bin/bash
DISPLAY=:0

Signal Handlers:
SIGSEGV: [libjvm.so+0xac8af0], sa_mask[0]=11111111011111111101111111111110, sa_flags=SA_RESTART|SA_SIGINFO
SIGBUS: [libjvm.so+0xac8af0], sa_mask[0]=11111111011111111101111111111110, sa_flags=SA_RESTART|SA_SIGINFO
SIGFPE: [libjvm.so+0x921dd0], sa_mask[0]=11111111011111111101111111111110, sa_flags=SA_RESTART|SA_SIGINFO
SIGPIPE: [libjvm.so+0x921dd0], sa_mask[0]=11111111011111111101111111111110, sa_flags=SA_RESTART|SA_SIGINFO
SIGXFSZ: [libjvm.so+0x921dd0], sa_mask[0]=11111111011111111101111111111110, sa_flags=SA_RESTART|SA_SIGINFO
SIGILL: [libjvm.so+0x921dd0], sa_mask[0]=11111111011111111101111111111110, sa_flags=SA_RESTART|SA_SIGINFO
SIGUSR1: SIG_DFL, sa_mask[0]=00000000000000000000000000000000, sa_flags=none
SIGUSR2: [libjvm.so+0x923610], sa_mask[0]=00100000000000000000000000000000, sa_flags=SA_RESTART|SA_SIGINFO
SIGHUP: [libjvm.so+0x924a10], sa_mask[0]=11111111011111111101111111111110, sa_flags=SA_RESTART|SA_SIGINFO
SIGINT: [libjvm.so+0x924a10], sa_mask[0]=11111111011111111101111111111110, sa_flags=SA_RESTART|SA_SIGINFO
SIGTERM: [libjvm.so+0x924a10], sa_mask[0]=11111111011111111101111111111110, sa_flags=SA_RESTART|SA_SIGINFO
SIGQUIT: [libjvm.so+0x924a10], sa_mask[0]=11111111011111111101111111111110, sa_flags=SA_RESTART|SA_SIGINFO


---------------  S Y S T E M  ---------------

OS:DISTRIB_ID=Ubuntu
DISTRIB_RELEASE=16.04
DISTRIB_CODENAME=xenial
DISTRIB_DESCRIPTION="Ubuntu 16.04.1 LTS"

uname:Linux 4.4.0-119-generic #143-Ubuntu SMP Mon Apr 2 16:08:24 UTC 2018 x86_64
libc:glibc 2.23 NPTL 2.23 
rlimit: STACK 8192k, CORE 0k, NPROC 31374, NOFILE 1048576, AS infinity
load average:5.71 5.67 5.82

/proc/meminfo:
MemTotal:        8072552 kB
MemFree:          131420 kB
MemAvailable:      63436 kB
Buffers:            1428 kB
Cached:           593380 kB
SwapCached:            0 kB
Active:          7236632 kB
Inactive:         488068 kB
Active(anon):    7195728 kB
Inactive(anon):   450112 kB
Active(file):      40904 kB
Inactive(file):    37956 kB
Unevictable:          64 kB
Mlocked:              64 kB
SwapTotal:             0 kB
SwapFree:              0 kB
Dirty:              1236 kB
Writeback:             0 kB
AnonPages:       7129536 kB
Mapped:           262936 kB
Shmem:            516240 kB
Slab:              96292 kB
SReclaimable:      55048 kB
SUnreclaim:        41244 kB
KernelStack:       15680 kB
PageTables:        57816 kB
NFS_Unstable:          0 kB
Bounce:                0 kB
WritebackTmp:          0 kB
CommitLimit:     4036276 kB
Committed_AS:   15114392 kB
VmallocTotal:   34359738367 kB
VmallocUsed:           0 kB
VmallocChunk:          0 kB
HardwareCorrupted:     0 kB
AnonHugePages:         0 kB
CmaTotal:              0 kB
CmaFree:               0 kB
HugePages_Total:       0
HugePages_Free:        0
HugePages_Rsvd:        0
HugePages_Surp:        0
Hugepagesize:       2048 kB
DirectMap4k:      169984 kB
DirectMap2M:     8116224 kB
DirectMap1G:     1048576 kB


CPU:total 4 (initial active 4) (4 cores per cpu, 1 threads per core) family 6 model 60 stepping 3, cmov, cx8, fxsr, mmx, sse, sse2, sse3, ssse3, sse4.1, sse4.2, popcnt, avx, avx2, aes, clmul, erms, lzcnt, tsc, tscinvbit, bmi1, bmi2

/proc/cpuinfo:
processor	: 0
vendor_id	: GenuineIntel
cpu family	: 6
model		: 60
model name	: Intel(R) Core(TM) i5-4460  CPU @ 3.20GHz
stepping	: 3
microcode	: 0x24
cpu MHz		: 3200.000
cache size	: 6144 KB
physical id	: 0
siblings	: 4
core id		: 0
cpu cores	: 4
apicid		: 0
initial apicid	: 0
fpu		: yes
fpu_exception	: yes
cpuid level	: 13
wp		: yes
flags		: fpu vme de pse tsc msr pae mce cx8 apic sep mtrr pge mca cmov pat pse36 clflush dts acpi mmx fxsr sse sse2 ss ht tm pbe syscall nx pdpe1gb rdtscp lm constant_tsc arch_perfmon pebs bts rep_good nopl xtopology nonstop_tsc aperfmperf eagerfpu pni pclmulqdq dtes64 monitor ds_cpl vmx est tm2 ssse3 sdbg fma cx16 xtpr pdcm pcid sse4_1 sse4_2 x2apic movbe popcnt tsc_deadline_timer aes xsave avx f16c rdrand lahf_lm abm invpcid_single spec_ctrl retpoline kaiser tpr_shadow vnmi flexpriority ept vpid fsgsbase tsc_adjust bmi1 avx2 smep bmi2 erms invpcid xsaveopt dtherm ida arat pln pts
bugs		: cpu_meltdown spectre_v1 spectre_v2
bogomips	: 6385.00
clflush size	: 64
cache_alignment	: 64
address sizes	: 39 bits physical, 48 bits virtual
power management:

processor	: 1
vendor_id	: GenuineIntel
cpu family	: 6
model		: 60
model name	: Intel(R) Core(TM) i5-4460  CPU @ 3.20GHz
stepping	: 3
microcode	: 0x24
cpu MHz		: 3199.875
cache size	: 6144 KB
physical id	: 0
siblings	: 4
core id		: 1
cpu cores	: 4
apicid		: 2
initial apicid	: 2
fpu		: yes
fpu_exception	: yes
cpuid level	: 13
wp		: yes
flags		: fpu vme de pse tsc msr pae mce cx8 apic sep mtrr pge mca cmov pat pse36 clflush dts acpi mmx fxsr sse sse2 ss ht tm pbe syscall nx pdpe1gb rdtscp lm constant_tsc arch_perfmon pebs bts rep_good nopl xtopology nonstop_tsc aperfmperf eagerfpu pni pclmulqdq dtes64 monitor ds_cpl vmx est tm2 ssse3 sdbg fma cx16 xtpr pdcm pcid sse4_1 sse4_2 x2apic movbe popcnt tsc_deadline_timer aes xsave avx f16c rdrand lahf_lm abm invpcid_single spec_ctrl retpoline kaiser tpr_shadow vnmi flexpriority ept vpid fsgsbase tsc_adjust bmi1 avx2 smep bmi2 erms invpcid xsaveopt dtherm ida arat pln pts
bugs		: cpu_meltdown spectre_v1 spectre_v2
bogomips	: 6385.00
clflush size	: 64
cache_alignment	: 64
address sizes	: 39 bits physical, 48 bits virtual
power management:

processor	: 2
vendor_id	: GenuineIntel
cpu family	: 6
model		: 60
model name	: Intel(R) Core(TM) i5-4460  CPU @ 3.20GHz
stepping	: 3
microcode	: 0x24
cpu MHz		: 3200.000
cache size	: 6144 KB
physical id	: 0
siblings	: 4
core id		: 2
cpu cores	: 4
apicid		: 4
initial apicid	: 4
fpu		: yes
fpu_exception	: yes
cpuid level	: 13
wp		: yes
flags		: fpu vme de pse tsc msr pae mce cx8 apic sep mtrr pge mca cmov pat pse36 clflush dts acpi mmx fxsr sse sse2 ss ht tm pbe syscall nx pdpe1gb rdtscp lm constant_tsc arch_perfmon pebs bts rep_good nopl xtopology nonstop_tsc aperfmperf eagerfpu pni pclmulqdq dtes64 monitor ds_cpl vmx est tm2 ssse3 sdbg fma cx16 xtpr pdcm pcid sse4_1 sse4_2 x2apic movbe popcnt tsc_deadline_timer aes xsave avx f16c rdrand lahf_lm abm invpcid_single spec_ctrl retpoline kaiser tpr_shadow vnmi flexpriority ept vpid fsgsbase tsc_adjust bmi1 avx2 smep bmi2 erms invpcid xsaveopt dtherm ida arat pln pts
bugs		: cpu_meltdown spectre_v1 spectre_v2
bogomips	: 6385.00
clflush size	: 64
cache_alignment	: 64
address sizes	: 39 bits physical, 48 bits virtual
power management:

processor	: 3
vendor_id	: GenuineIntel
cpu family	: 6
model		: 60
model name	: Intel(R) Core(TM) i5-4460  CPU @ 3.20GHz
stepping	: 3
microcode	: 0x24
cpu MHz		: 3199.875
cache size	: 6144 KB
physical id	: 0
siblings	: 4
core id		: 3
cpu cores	: 4
apicid		: 6
initial apicid	: 6
fpu		: yes
fpu_exception	: yes
cpuid level	: 13
wp		: yes
flags		: fpu vme de pse tsc msr pae mce cx8 apic sep mtrr pge mca cmov pat pse36 clflush dts acpi mmx fxsr sse sse2 ss ht tm pbe syscall nx pdpe1gb rdtscp lm constant_tsc arch_perfmon pebs bts rep_good nopl xtopology nonstop_tsc aperfmperf eagerfpu pni pclmulqdq dtes64 monitor ds_cpl vmx est tm2 ssse3 sdbg fma cx16 xtpr pdcm pcid sse4_1 sse4_2 x2apic movbe popcnt tsc_deadline_timer aes xsave avx f16c rdrand lahf_lm abm invpcid_single spec_ctrl retpoline kaiser tpr_shadow vnmi flexpriority ept vpid fsgsbase tsc_adjust bmi1 avx2 smep bmi2 erms invpcid xsaveopt dtherm ida arat pln pts
bugs		: cpu_meltdown spectre_v1 spectre_v2
bogomips	: 6385.00
clflush size	: 64
cache_alignment	: 64
address sizes	: 39 bits physical, 48 bits virtual
power management:



Memory: 4k page, physical 8072552k(131420k free), swap 0k(0k free)

vm_info: Java HotSpot(TM) 64-Bit Server VM (25.131-b11) for linux-amd64 JRE (1.8.0_131-b11), built on Mar 15 2017 01:23:40 by "java_re" with gcc 4.3.0 20080428 (Red Hat 4.3.0-8)

time: Wed Apr 11 14:40:36 2018
elapsed time: 6 seconds (0d 0h 0m 6s)

