#
# There is insufficient memory for the Java Runtime Environment to continue.
# Native memory allocation (mmap) failed to map 245891072 bytes for committing reserved memory.
# Possible reasons:
#   The system is out of physical RAM or swap space
#   In 32 bit mode, the process size limit was hit
# Possible solutions:
#   Reduce memory load on the system
#   Increase physical memory or swap space
#   Check if swap backing store is full
#   Use 64 bit Java on a 64 bit OS
#   Decrease Java heap size (-Xmx/-Xms)
#   Decrease number of Java threads
#   Decrease Java thread stack sizes (-Xss)
#   Set larger code cache with -XX:ReservedCodeCacheSize=
# This output file may be truncated or incomplete.
#
#  Out of Memory Error (os_linux.cpp:2640), pid=19778, tid=0x00007f32a85f5700
#
# JRE version: Java(TM) SE Runtime Environment (8.0_131-b11) (build 1.8.0_131-b11)
# Java VM: Java HotSpot(TM) 64-Bit Server VM (25.131-b11 mixed mode linux-amd64 compressed oops)
# Failed to write core dump. Core dumps have been disabled. To enable core dumping, try "ulimit -c unlimited" before starting Java again
#

---------------  T H R E A D  ---------------

Current thread (0x00007f32b8078000):  VMThread [stack: 0x00007f32a84f5000,0x00007f32a85f6000] [id=19788]

Stack: [0x00007f32a84f5000,0x00007f32a85f6000],  sp=0x00007f32a85f4020,  free space=1020k
Native frames: (J=compiled Java code, j=interpreted, Vv=VM code, C=native code)
V  [libjvm.so+0xac826a]  VMError::report_and_die()+0x2ba
V  [libjvm.so+0x4fd4cb]  report_vm_out_of_memory(char const*, int, unsigned long, VMErrorType, char const*)+0x8b
V  [libjvm.so+0x924f53]  os::Linux::commit_memory_impl(char*, unsigned long, bool)+0x103
V  [libjvm.so+0x9254a9]  os::pd_commit_memory(char*, unsigned long, unsigned long, bool)+0x29
V  [libjvm.so+0x91f6ca]  os::commit_memory(char*, unsigned long, unsigned long, bool)+0x2a
V  [libjvm.so+0x9941e3]  PSVirtualSpace::expand_by(unsigned long)+0x53
V  [libjvm.so+0x9955e8]  PSYoungGen::resize_generation(unsigned long, unsigned long)+0xf8
V  [libjvm.so+0x994742]  PSYoungGen::resize(unsigned long, unsigned long)+0x22
V  [libjvm.so+0x991a1b]  PSScavenge::invoke_no_policy()+0xf3b
V  [libjvm.so+0x9921a1]  PSScavenge::invoke()+0x41
V  [libjvm.so+0x948f00]  ParallelScavengeHeap::failed_mem_allocate(unsigned long)+0x70
V  [libjvm.so+0xac9c87]  VM_ParallelGCFailedAllocation::doit()+0x97
V  [libjvm.so+0xad1765]  VM_Operation::evaluate()+0x55
V  [libjvm.so+0xacfb3a]  VMThread::evaluate_operation(VM_Operation*)+0xba
V  [libjvm.so+0xacfebe]  VMThread::loop()+0x1ce
V  [libjvm.so+0xad0330]  VMThread::run()+0x70
V  [libjvm.so+0x927568]  java_start(Thread*)+0x108

VM_Operation (0x00007f329baf8fd0): ParallelGCFailedAllocation, mode: safepoint, requested by thread 0x00007f32b812f000


---------------  P R O C E S S  ---------------

Java Threads: ( => current thread )
  0x00007f32b8132800 JavaThread "pool-1-thread-4" [_thread_blocked, id=19800, stack(0x00007f329b7f8000,0x00007f329b8f9000)]
  0x00007f32b8130800 JavaThread "pool-1-thread-3" [_thread_blocked, id=19799, stack(0x00007f329b8f9000,0x00007f329b9fa000)]
  0x00007f32b812f000 JavaThread "pool-1-thread-2" [_thread_blocked, id=19798, stack(0x00007f329b9fa000,0x00007f329bafb000)]
  0x00007f32b812e000 JavaThread "pool-1-thread-1" [_thread_blocked, id=19797, stack(0x00007f329bafb000,0x00007f329bbfc000)]
  0x00007f32b80c1000 JavaThread "Service Thread" daemon [_thread_blocked, id=19795, stack(0x00007f329bcfd000,0x00007f329bdfe000)]
  0x00007f32b80be000 JavaThread "C1 CompilerThread2" daemon [_thread_blocked, id=19794, stack(0x00007f329bdfe000,0x00007f329beff000)]
  0x00007f32b80bc000 JavaThread "C2 CompilerThread1" daemon [_thread_blocked, id=19793, stack(0x00007f329beff000,0x00007f329c000000)]
  0x00007f32b80b9000 JavaThread "C2 CompilerThread0" daemon [_thread_blocked, id=19792, stack(0x00007f32a005e000,0x00007f32a015f000)]
  0x00007f32b80b7800 JavaThread "Signal Dispatcher" daemon [_thread_blocked, id=19791, stack(0x00007f32a015f000,0x00007f32a0260000)]
  0x00007f32b8084800 JavaThread "Finalizer" daemon [_thread_blocked, id=19790, stack(0x00007f32a82f3000,0x00007f32a83f4000)]
  0x00007f32b807f800 JavaThread "Reference Handler" daemon [_thread_blocked, id=19789, stack(0x00007f32a83f4000,0x00007f32a84f5000)]
  0x00007f32b800a000 JavaThread "main" [_thread_blocked, id=19783, stack(0x00007f32c114a000,0x00007f32c124b000)]

Other Threads:
=>0x00007f32b8078000 VMThread [stack: 0x00007f32a84f5000,0x00007f32a85f6000] [id=19788]
  0x00007f32b80c4000 WatcherThread [stack: 0x00007f329bbfc000,0x00007f329bcfd000] [id=19796]

VM state:at safepoint (normal execution)

VM Mutex/Monitor currently owned by a thread:  ([mutex/lock_event])
[0x00007f32b8006720] Threads_lock - owner thread: 0x00007f32b8078000
[0x00007f32b8006c20] Heap_lock - owner thread: 0x00007f32b812f000

Heap:
 PSYoungGen      total 407552K, used 288K [0x00000000d6f00000, 0x00000000f0480000, 0x0000000100000000)
  eden space 399872K, 0% used [0x00000000d6f00000,0x00000000d6f00000,0x00000000ef580000)
  from space 7680K, 3% used [0x00000000ef580000,0x00000000ef5c8000,0x00000000efd00000)
  to   space 7680K, 0% used [0x00000000efd00000,0x00000000efd00000,0x00000000f0480000)
 ParOldGen       total 84992K, used 10991K [0x0000000084c00000, 0x0000000089f00000, 0x00000000d6f00000)
  object space 84992K, 12% used [0x0000000084c00000,0x00000000856bbcd0,0x0000000089f00000)
 Metaspace       used 4305K, capacity 4860K, committed 5120K, reserved 1056768K
  class space    used 444K, capacity 496K, committed 512K, reserved 1048576K

Card table byte_map: [0x00007f32bdb11000,0x00007f32bdeec000] byte_map_base: 0x00007f32bd6eb000

Marking Bits: (ParMarkBitMap*) 0x00007f32c0617f60
 Begin Bits: [0x00007f32a0260000, 0x00007f32a2130000)
 End Bits:   [0x00007f32a2130000, 0x00007f32a4000000)

Polling page: 0x00007f32c126a000

CodeCache: size=245760Kb used=3549Kb max_used=3561Kb free=242210Kb
 bounds [0x00007f32a9000000, 0x00007f32a9390000, 0x00007f32b8000000]
 total_blobs=936 nmethods=669 adapters=181
 compilation: enabled

Compilation events (10 events):
Event: 6.300 Thread 0x00007f32b80be000 nmethod 670 0x00007f32a935dc50 code [0x00007f32a935dde0, 0x00007f32a935e268]
Event: 6.327 Thread 0x00007f32b80b9000 nmethod 668% 0x00007f32a93795d0 code [0x00007f32a9379860, 0x00007f32a937b540]
Event: 6.327 Thread 0x00007f32b80b9000  669       4       utils.RunAndStore$FTrend::getF (15 bytes)
Event: 6.330 Thread 0x00007f32b80b9000 nmethod 669 0x00007f32a9362f90 code [0x00007f32a93630e0, 0x00007f32a93633b8]
Event: 6.352 Thread 0x00007f32b80bc000 nmethod 667 0x00007f32a937cbd0 code [0x00007f32a937cfc0, 0x00007f32a937fa58]
Event: 6.633 Thread 0x00007f32b80b9000  671       4       utils.RunAndStore$FTrend::getI (15 bytes)
Event: 6.635 Thread 0x00007f32b80bc000  672       4       java.lang.StringBuilder::append (9 bytes)
Event: 6.636 Thread 0x00007f32b80b9000 nmethod 671 0x00007f32a935d650 code [0x00007f32a935d7a0, 0x00007f32a935da78]
Event: 6.640 Thread 0x00007f32b80bc000 nmethod 672 0x00007f32a9376f50 code [0x00007f32a93770c0, 0x00007f32a9377538]
Event: 6.645 Thread 0x00007f32b80b9000  673       4       java.lang.Integer::getChars (131 bytes)

GC Heap History (10 events):
Event: 3.260 GC heap after
Heap after GC invocations=6 (full 0):
 PSYoungGen      total 129536K, used 4085K [0x00000000d6f00000, 0x00000000df600000, 0x0000000100000000)
  eden space 125440K, 0% used [0x00000000d6f00000,0x00000000d6f00000,0x00000000de980000)
  from space 4096K, 99% used [0x00000000def00000,0x00000000df2fd6a0,0x00000000df300000)
  to   space 5632K, 0% used [0x00000000de980000,0x00000000de980000,0x00000000def00000)
 ParOldGen       total 84992K, used 580K [0x0000000084c00000, 0x0000000089f00000, 0x00000000d6f00000)
  object space 84992K, 0% used [0x0000000084c00000,0x0000000084c91360,0x0000000089f00000)
 Metaspace       used 3930K, capacity 4700K, committed 4864K, reserved 1056768K
  class space    used 413K, capacity 464K, committed 512K, reserved 1048576K
}
Event: 3.821 GC heap before
{Heap before GC invocations=7 (full 0):
 PSYoungGen      total 129536K, used 129525K [0x00000000d6f00000, 0x00000000df600000, 0x0000000100000000)
  eden space 125440K, 100% used [0x00000000d6f00000,0x00000000de980000,0x00000000de980000)
  from space 4096K, 99% used [0x00000000def00000,0x00000000df2fd6a0,0x00000000df300000)
  to   space 5632K, 0% used [0x00000000de980000,0x00000000de980000,0x00000000def00000)
 ParOldGen       total 84992K, used 580K [0x0000000084c00000, 0x0000000089f00000, 0x00000000d6f00000)
  object space 84992K, 0% used [0x0000000084c00000,0x0000000084c91360,0x0000000089f00000)
 Metaspace       used 3934K, capacity 4700K, committed 4864K, reserved 1056768K
  class space    used 413K, capacity 464K, committed 512K, reserved 1048576K
Event: 3.841 GC heap after
Heap after GC invocations=7 (full 0):
 PSYoungGen      total 131072K, used 5054K [0x00000000d6f00000, 0x00000000e7000000, 0x0000000100000000)
  eden space 125440K, 0% used [0x00000000d6f00000,0x00000000d6f00000,0x00000000de980000)
  from space 5632K, 89% used [0x00000000de980000,0x00000000dee6f810,0x00000000def00000)
  to   space 6144K, 0% used [0x00000000e6a00000,0x00000000e6a00000,0x00000000e7000000)
 ParOldGen       total 84992K, used 2008K [0x0000000084c00000, 0x0000000089f00000, 0x00000000d6f00000)
  object space 84992K, 2% used [0x0000000084c00000,0x0000000084df60f0,0x0000000089f00000)
 Metaspace       used 3934K, capacity 4700K, committed 4864K, reserved 1056768K
  class space    used 413K, capacity 464K, committed 512K, reserved 1048576K
}
Event: 4.179 GC heap before
{Heap before GC invocations=8 (full 0):
 PSYoungGen      total 131072K, used 130494K [0x00000000d6f00000, 0x00000000e7000000, 0x0000000100000000)
  eden space 125440K, 100% used [0x00000000d6f00000,0x00000000de980000,0x00000000de980000)
  from space 5632K, 89% used [0x00000000de980000,0x00000000dee6f810,0x00000000def00000)
  to   space 6144K, 0% used [0x00000000e6a00000,0x00000000e6a00000,0x00000000e7000000)
 ParOldGen       total 84992K, used 2008K [0x0000000084c00000, 0x0000000089f00000, 0x00000000d6f00000)
  object space 84992K, 2% used [0x0000000084c00000,0x0000000084df60f0,0x0000000089f00000)
 Metaspace       used 3936K, capacity 4700K, committed 4864K, reserved 1056768K
  class space    used 413K, capacity 464K, committed 512K, reserved 1048576K
Event: 4.197 GC heap after
Heap after GC invocations=8 (full 0):
 PSYoungGen      total 256000K, used 5607K [0x00000000d6f00000, 0x00000000e7200000, 0x0000000100000000)
  eden space 249856K, 0% used [0x00000000d6f00000,0x00000000d6f00000,0x00000000e6300000)
  from space 6144K, 91% used [0x00000000e6a00000,0x00000000e6f79fa0,0x00000000e7000000)
  to   space 7168K, 0% used [0x00000000e6300000,0x00000000e6300000,0x00000000e6a00000)
 ParOldGen       total 84992K, used 3806K [0x0000000084c00000, 0x0000000089f00000, 0x00000000d6f00000)
  object space 84992K, 4% used [0x0000000084c00000,0x0000000084fb7890,0x0000000089f00000)
 Metaspace       used 3936K, capacity 4700K, committed 4864K, reserved 1056768K
  class space    used 413K, capacity 464K, committed 512K, reserved 1048576K
}
Event: 5.475 GC heap before
{Heap before GC invocations=9 (full 0):
 PSYoungGen      total 256000K, used 255463K [0x00000000d6f00000, 0x00000000e7200000, 0x0000000100000000)
  eden space 249856K, 100% used [0x00000000d6f00000,0x00000000e6300000,0x00000000e6300000)
  from space 6144K, 91% used [0x00000000e6a00000,0x00000000e6f79fa0,0x00000000e7000000)
  to   space 7168K, 0% used [0x00000000e6300000,0x00000000e6300000,0x00000000e6a00000)
 ParOldGen       total 84992K, used 3806K [0x0000000084c00000, 0x0000000089f00000, 0x00000000d6f00000)
  object space 84992K, 4% used [0x0000000084c00000,0x0000000084fb7890,0x0000000089f00000)
 Metaspace       used 4265K, capacity 4828K, committed 5120K, reserved 1056768K
  class space    used 440K, capacity 464K, committed 512K, reserved 1048576K
Event: 5.523 GC heap after
Heap after GC invocations=9 (full 0):
 PSYoungGen      total 257024K, used 5788K [0x00000000d6f00000, 0x00000000f0480000, 0x0000000100000000)
  eden space 249856K, 0% used [0x00000000d6f00000,0x00000000d6f00000,0x00000000e6300000)
  from space 7168K, 80% used [0x00000000e6300000,0x00000000e68a7370,0x00000000e6a00000)
  to   space 7680K, 0% used [0x00000000efd00000,0x00000000efd00000,0x00000000f0480000)
 ParOldGen       total 84992K, used 5371K [0x0000000084c00000, 0x0000000089f00000, 0x00000000d6f00000)
  object space 84992K, 6% used [0x0000000084c00000,0x000000008513eee0,0x0000000089f00000)
 Metaspace       used 4265K, capacity 4828K, committed 5120K, reserved 1056768K
  class space    used 440K, capacity 464K, committed 512K, reserved 1048576K
}
Event: 5.917 GC heap before
{Heap before GC invocations=10 (full 0):
 PSYoungGen      total 257024K, used 255644K [0x00000000d6f00000, 0x00000000f0480000, 0x0000000100000000)
  eden space 249856K, 100% used [0x00000000d6f00000,0x00000000e6300000,0x00000000e6300000)
  from space 7168K, 80% used [0x00000000e6300000,0x00000000e68a7370,0x00000000e6a00000)
  to   space 7680K, 0% used [0x00000000efd00000,0x00000000efd00000,0x00000000f0480000)
 ParOldGen       total 84992K, used 5371K [0x0000000084c00000, 0x0000000089f00000, 0x00000000d6f00000)
  object space 84992K, 6% used [0x0000000084c00000,0x000000008513eee0,0x0000000089f00000)
 Metaspace       used 4298K, capacity 4860K, committed 5120K, reserved 1056768K
  class space    used 444K, capacity 496K, committed 512K, reserved 1048576K
Event: 5.929 GC heap after
Heap after GC invocations=10 (full 0):
 PSYoungGen      total 407552K, used 2200K [0x00000000d6f00000, 0x00000000f0480000, 0x0000000100000000)
  eden space 399872K, 0% used [0x00000000d6f00000,0x00000000d6f00000,0x00000000ef580000)
  from space 7680K, 28% used [0x00000000efd00000,0x00000000eff26290,0x00000000f0480000)
  to   space 7680K, 0% used [0x00000000ef580000,0x00000000ef580000,0x00000000efd00000)
 ParOldGen       total 84992K, used 9341K [0x0000000084c00000, 0x0000000089f00000, 0x00000000d6f00000)
  object space 84992K, 10% used [0x0000000084c00000,0x000000008551f4c0,0x0000000089f00000)
 Metaspace       used 4298K, capacity 4860K, committed 5120K, reserved 1056768K
  class space    used 444K, capacity 496K, committed 512K, reserved 1048576K
}
Event: 6.645 GC heap before
{Heap before GC invocations=11 (full 0):
 PSYoungGen      total 407552K, used 402072K [0x00000000d6f00000, 0x00000000f0480000, 0x0000000100000000)
  eden space 399872K, 100% used [0x00000000d6f00000,0x00000000ef580000,0x00000000ef580000)
  from space 7680K, 28% used [0x00000000efd00000,0x00000000eff26290,0x00000000f0480000)
  to   space 7680K, 0% used [0x00000000ef580000,0x00000000ef580000,0x00000000efd00000)
 ParOldGen       total 84992K, used 9341K [0x0000000084c00000, 0x0000000089f00000, 0x00000000d6f00000)
  object space 84992K, 10% used [0x0000000084c00000,0x000000008551f4c0,0x0000000089f00000)
 Metaspace       used 4305K, capacity 4860K, committed 5120K, reserved 1056768K
  class space    used 444K, capacity 496K, committed 512K, reserved 1048576K

Deoptimization events (10 events):
Event: 4.646 Thread 0x00007f32b800a000 Uncommon trap: reason=class_check action=maybe_recompile pc=0x00007f32a91e50b4 method=java.util.regex.Pattern$Start.match(Ljava/util/regex/Matcher;ILjava/lang/CharSequence;)Z @ 44
Event: 4.646 Thread 0x00007f32b800a000 Uncommon trap: reason=class_check action=maybe_recompile pc=0x00007f32a91e50b4 method=java.util.regex.Pattern$Start.match(Ljava/util/regex/Matcher;ILjava/lang/CharSequence;)Z @ 44
Event: 4.646 Thread 0x00007f32b800a000 Uncommon trap: reason=class_check action=maybe_recompile pc=0x00007f32a91e50b4 method=java.util.regex.Pattern$Start.match(Ljava/util/regex/Matcher;ILjava/lang/CharSequence;)Z @ 44
Event: 4.646 Thread 0x00007f32b800a000 Uncommon trap: reason=class_check action=maybe_recompile pc=0x00007f32a91b83c0 method=java.util.regex.Pattern$Start.match(Ljava/util/regex/Matcher;ILjava/lang/CharSequence;)Z @ 44
Event: 4.646 Thread 0x00007f32b800a000 Uncommon trap: reason=class_check action=maybe_recompile pc=0x00007f32a91acd08 method=java.util.regex.Pattern$Start.match(Ljava/util/regex/Matcher;ILjava/lang/CharSequence;)Z @ 44
Event: 5.054 Thread 0x00007f32b812e000 Uncommon trap: reason=unstable_if action=reinterpret pc=0x00007f32a92d2bfc method=utils.algorithms.Misc.toro([D[[D)[D @ 48
Event: 5.267 Thread 0x00007f32b8130800 Uncommon trap: reason=intrinsic action=make_not_entrant pc=0x00007f32a9327000 method=algorithms.singleSolution.NonUniformSA.execute(Linterfaces/Problem;I)Lutils/RunAndStore$FTrend; @ 522
Event: 5.797 Thread 0x00007f32b8130800 Uncommon trap: reason=intrinsic action=make_not_entrant pc=0x00007f32a933fe40 method=algorithms.singleSolution.NonUniformSA.execute(Linterfaces/Problem;I)Lutils/RunAndStore$FTrend; @ 346
Event: 6.018 Thread 0x00007f32b812f000 Uncommon trap: reason=unstable_if action=reinterpret pc=0x00007f32a9332e24 method=utils.algorithms.Misc.toro([D[[D)[D @ 77
Event: 6.018 Thread 0x00007f32b812f000 Uncommon trap: reason=unstable_if action=reinterpret pc=0x00007f32a92f7b20 method=utils.algorithms.Misc.toro([D[[D)[D @ 77

Internal exceptions (6 events):
Event: 0.241 Thread 0x00007f32b800a000 Exception <a 'java/lang/NoSuchMethodError': Method sun.misc.Unsafe.defineClass(Ljava/lang/String;[BII)Ljava/lang/Class; name or signature does not match> (0x00000000d6f07ca8) thrown at [/HUDSON/workspace/8-2-build-linux-amd64/jdk8u131/8869/hotspot/src/sha
Event: 0.241 Thread 0x00007f32b800a000 Exception <a 'java/lang/NoSuchMethodError': Method sun.misc.Unsafe.prefetchRead(Ljava/lang/Object;J)V name or signature does not match> (0x00000000d6f07f90) thrown at [/HUDSON/workspace/8-2-build-linux-amd64/jdk8u131/8869/hotspot/src/share/vm/prims/jni.cp
Event: 0.587 Thread 0x00007f32b800a000 Exception <a 'java/security/PrivilegedActionException'> (0x00000000d6f92010) thrown at [/HUDSON/workspace/8-2-build-linux-amd64/jdk8u131/8869/hotspot/src/share/vm/prims/jvm.cpp, line 1390]
Event: 0.587 Thread 0x00007f32b800a000 Exception <a 'java/security/PrivilegedActionException'> (0x00000000d6f92220) thrown at [/HUDSON/workspace/8-2-build-linux-amd64/jdk8u131/8869/hotspot/src/share/vm/prims/jvm.cpp, line 1390]
Event: 0.590 Thread 0x00007f32b800a000 Exception <a 'java/security/PrivilegedActionException'> (0x00000000d6f94870) thrown at [/HUDSON/workspace/8-2-build-linux-amd64/jdk8u131/8869/hotspot/src/share/vm/prims/jvm.cpp, line 1390]
Event: 0.590 Thread 0x00007f32b800a000 Exception <a 'java/security/PrivilegedActionException'> (0x00000000d6f94a80) thrown at [/HUDSON/workspace/8-2-build-linux-amd64/jdk8u131/8869/hotspot/src/share/vm/prims/jvm.cpp, line 1390]

Events (10 events):
Event: 5.931 loading class utils/RunAndStore$AlgorithmResult done
Event: 5.990 Thread 0x00007f32b812f000 DEOPT PACKING pc=0x00007f32a93155ff sp=0x00007f329baf9050
Event: 5.991 Thread 0x00007f32b812f000 DEOPT UNPACKING pc=0x00007f32a9047633 sp=0x00007f329baf8f20 mode 0
Event: 6.018 Thread 0x00007f32b812f000 Uncommon trap: trap_request=0xffffff65 fr.pc=0x00007f32a9332e24
Event: 6.018 Thread 0x00007f32b812f000 DEOPT PACKING pc=0x00007f32a9332e24 sp=0x00007f329baf91a0
Event: 6.018 Thread 0x00007f32b812f000 DEOPT UNPACKING pc=0x00007f32a9005229 sp=0x00007f329baf9140 mode 2
Event: 6.018 Thread 0x00007f32b812f000 Uncommon trap: trap_request=0xffffff65 fr.pc=0x00007f32a92f7b20
Event: 6.018 Thread 0x00007f32b812f000 DEOPT PACKING pc=0x00007f32a92f7b20 sp=0x00007f329baf9150
Event: 6.018 Thread 0x00007f32b812f000 DEOPT UNPACKING pc=0x00007f32a9005229 sp=0x00007f329baf9130 mode 2
Event: 6.645 Executing VM operation: ParallelGCFailedAllocation


Dynamic libraries:
00400000-00401000 r-xp 00000000 08:03 6828935                            /usr/lib/jvm/java-8-oracle/bin/java
00600000-00601000 rw-p 00000000 08:03 6828935                            /usr/lib/jvm/java-8-oracle/bin/java
00d44000-00d65000 rw-p 00000000 00:00 0                                  [heap]
84c00000-89f00000 rw-p 00000000 00:00 0 
89f00000-d6f00000 ---p 00000000 00:00 0 
d6f00000-f0480000 rw-p 00000000 00:00 0 
fef00000-100000000 ---p 00000000 00:00 0 
100000000-100080000 rw-p 00000000 00:00 0 
100080000-140000000 ---p 00000000 00:00 0 
7f325c000000-7f325c021000 rw-p 00000000 00:00 0 
7f325c021000-7f3260000000 ---p 00000000 00:00 0 
7f3260000000-7f3260021000 rw-p 00000000 00:00 0 
7f3260021000-7f3264000000 ---p 00000000 00:00 0 
7f3264000000-7f3264291000 rw-p 00000000 00:00 0 
7f3264291000-7f3268000000 ---p 00000000 00:00 0 
7f3268000000-7f3268021000 rw-p 00000000 00:00 0 
7f3268021000-7f326c000000 ---p 00000000 00:00 0 
7f326c000000-7f326c021000 rw-p 00000000 00:00 0 
7f326c021000-7f3270000000 ---p 00000000 00:00 0 
7f3270000000-7f3270021000 rw-p 00000000 00:00 0 
7f3270021000-7f3274000000 ---p 00000000 00:00 0 
7f3274000000-7f3274870000 rw-p 00000000 00:00 0 
7f3274870000-7f3278000000 ---p 00000000 00:00 0 
7f3278000000-7f3278426000 rw-p 00000000 00:00 0 
7f3278426000-7f327c000000 ---p 00000000 00:00 0 
7f327c000000-7f327c021000 rw-p 00000000 00:00 0 
7f327c021000-7f3280000000 ---p 00000000 00:00 0 
7f3280000000-7f32809e7000 rw-p 00000000 00:00 0 
7f32809e7000-7f3284000000 ---p 00000000 00:00 0 
7f3284000000-7f3284021000 rw-p 00000000 00:00 0 
7f3284021000-7f3288000000 ---p 00000000 00:00 0 
7f3288000000-7f3288021000 rw-p 00000000 00:00 0 
7f3288021000-7f328c000000 ---p 00000000 00:00 0 
7f328c000000-7f328c021000 rw-p 00000000 00:00 0 
7f328c021000-7f3290000000 ---p 00000000 00:00 0 
7f3290000000-7f32902a7000 rw-p 00000000 00:00 0 
7f32902a7000-7f3294000000 ---p 00000000 00:00 0 
7f3294000000-7f3294021000 rw-p 00000000 00:00 0 
7f3294021000-7f3298000000 ---p 00000000 00:00 0 
7f329b7f8000-7f329b7fb000 ---p 00000000 00:00 0 
7f329b7fb000-7f329b8f9000 rw-p 00000000 00:00 0 
7f329b8f9000-7f329b8fc000 ---p 00000000 00:00 0 
7f329b8fc000-7f329b9fa000 rw-p 00000000 00:00 0 
7f329b9fa000-7f329b9fd000 ---p 00000000 00:00 0 
7f329b9fd000-7f329bafb000 rw-p 00000000 00:00 0 
7f329bafb000-7f329bafe000 ---p 00000000 00:00 0 
7f329bafe000-7f329bbfc000 rw-p 00000000 00:00 0 
7f329bbfc000-7f329bbfd000 ---p 00000000 00:00 0 
7f329bbfd000-7f329bcfd000 rw-p 00000000 00:00 0 
7f329bcfd000-7f329bd00000 ---p 00000000 00:00 0 
7f329bd00000-7f329bdfe000 rw-p 00000000 00:00 0 
7f329bdfe000-7f329be01000 ---p 00000000 00:00 0 
7f329be01000-7f329beff000 rw-p 00000000 00:00 0 
7f329beff000-7f329bf02000 ---p 00000000 00:00 0 
7f329bf02000-7f329c000000 rw-p 00000000 00:00 0 
7f329c000000-7f329c021000 rw-p 00000000 00:00 0 
7f329c021000-7f32a0000000 ---p 00000000 00:00 0 
7f32a005e000-7f32a0061000 ---p 00000000 00:00 0 
7f32a0061000-7f32a015f000 rw-p 00000000 00:00 0 
7f32a015f000-7f32a0162000 ---p 00000000 00:00 0 
7f32a0162000-7f32a4000000 rw-p 00000000 00:00 0 
7f32a4000000-7f32a4021000 rw-p 00000000 00:00 0 
7f32a4021000-7f32a8000000 ---p 00000000 00:00 0 
7f32a801b000-7f32a82f3000 r--p 00000000 08:03 6816161                    /usr/lib/locale/locale-archive
7f32a82f3000-7f32a82f6000 ---p 00000000 00:00 0 
7f32a82f6000-7f32a83f4000 rw-p 00000000 00:00 0 
7f32a83f4000-7f32a83f7000 ---p 00000000 00:00 0 
7f32a83f7000-7f32a84f5000 rw-p 00000000 00:00 0 
7f32a84f5000-7f32a84f6000 ---p 00000000 00:00 0 
7f32a84f6000-7f32a9000000 rw-p 00000000 00:00 0 
7f32a9000000-7f32a9390000 rwxp 00000000 00:00 0 
7f32a9390000-7f32b8000000 ---p 00000000 00:00 0 
7f32b8000000-7f32b813a000 rw-p 00000000 00:00 0 
7f32b813a000-7f32bc000000 ---p 00000000 00:00 0 
7f32bc04b000-7f32bc075000 r--s 001ce000 08:03 27657519                   /home/facaraff/git/BlasphMeme/BlasphMeme/jars/org.jar
7f32bc075000-7f32bc07a000 r--s 00084000 08:03 8004123                    /usr/lib/jvm/java-8-oracle/jre/lib/jfr.jar
7f32bc07a000-7f32bc652000 rw-p 00000000 00:00 0 
7f32bc652000-7f32bc82b000 r--s 03d40000 08:03 8004146                    /usr/lib/jvm/java-8-oracle/jre/lib/rt.jar
7f32bc82b000-7f32bcd21000 rw-p 00000000 00:00 0 
7f32bcd21000-7f32bd0a1000 ---p 00000000 00:00 0 
7f32bd0a1000-7f32bd47b000 rw-p 00000000 00:00 0 
7f32bd47b000-7f32bd47c000 ---p 00000000 00:00 0 
7f32bd47c000-7f32bd57c000 rw-p 00000000 00:00 0 
7f32bd57c000-7f32bd57d000 ---p 00000000 00:00 0 
7f32bd57d000-7f32bd67d000 rw-p 00000000 00:00 0 
7f32bd67d000-7f32bd67e000 ---p 00000000 00:00 0 
7f32bd67e000-7f32bd77e000 rw-p 00000000 00:00 0 
7f32bd77e000-7f32bd77f000 ---p 00000000 00:00 0 
7f32bd77f000-7f32bd8a9000 rw-p 00000000 00:00 0 
7f32bd8a9000-7f32bdb11000 ---p 00000000 00:00 0 
7f32bdb11000-7f32bdb3b000 rw-p 00000000 00:00 0 
7f32bdb3b000-7f32bdda2000 ---p 00000000 00:00 0 
7f32bdda2000-7f32bde6e000 rw-p 00000000 00:00 0 
7f32bde6e000-7f32bdeeb000 ---p 00000000 00:00 0 
7f32bdeeb000-7f32bdefb000 rw-p 00000000 00:00 0 
7f32bdefb000-7f32be2ac000 ---p 00000000 00:00 0 
7f32be2ac000-7f32be2c6000 r-xp 00000000 08:03 8794791                    /usr/lib/jvm/java-8-oracle/jre/lib/amd64/libzip.so
7f32be2c6000-7f32be4c6000 ---p 0001a000 08:03 8794791                    /usr/lib/jvm/java-8-oracle/jre/lib/amd64/libzip.so
7f32be4c6000-7f32be4c7000 rw-p 0001a000 08:03 8794791                    /usr/lib/jvm/java-8-oracle/jre/lib/amd64/libzip.so
7f32be4c7000-7f32be4d2000 r-xp 00000000 08:03 10493142                   /lib/x86_64-linux-gnu/libnss_files-2.23.so
7f32be4d2000-7f32be6d1000 ---p 0000b000 08:03 10493142                   /lib/x86_64-linux-gnu/libnss_files-2.23.so
7f32be6d1000-7f32be6d2000 r--p 0000a000 08:03 10493142                   /lib/x86_64-linux-gnu/libnss_files-2.23.so
7f32be6d2000-7f32be6d3000 rw-p 0000b000 08:03 10493142                   /lib/x86_64-linux-gnu/libnss_files-2.23.so
7f32be6d3000-7f32be6d9000 rw-p 00000000 00:00 0 
7f32be6d9000-7f32be6e4000 r-xp 00000000 08:03 10493146                   /lib/x86_64-linux-gnu/libnss_nis-2.23.so
7f32be6e4000-7f32be8e3000 ---p 0000b000 08:03 10493146                   /lib/x86_64-linux-gnu/libnss_nis-2.23.so
7f32be8e3000-7f32be8e4000 r--p 0000a000 08:03 10493146                   /lib/x86_64-linux-gnu/libnss_nis-2.23.so
7f32be8e4000-7f32be8e5000 rw-p 0000b000 08:03 10493146                   /lib/x86_64-linux-gnu/libnss_nis-2.23.so
7f32be8e5000-7f32be8fb000 r-xp 00000000 08:03 10486579                   /lib/x86_64-linux-gnu/libnsl-2.23.so
7f32be8fb000-7f32beafa000 ---p 00016000 08:03 10486579                   /lib/x86_64-linux-gnu/libnsl-2.23.so
7f32beafa000-7f32beafb000 r--p 00015000 08:03 10486579                   /lib/x86_64-linux-gnu/libnsl-2.23.so
7f32beafb000-7f32beafc000 rw-p 00016000 08:03 10486579                   /lib/x86_64-linux-gnu/libnsl-2.23.so
7f32beafc000-7f32beafe000 rw-p 00000000 00:00 0 
7f32beafe000-7f32beb06000 r-xp 00000000 08:03 10493137                   /lib/x86_64-linux-gnu/libnss_compat-2.23.so
7f32beb06000-7f32bed05000 ---p 00008000 08:03 10493137                   /lib/x86_64-linux-gnu/libnss_compat-2.23.so
7f32bed05000-7f32bed06000 r--p 00007000 08:03 10493137                   /lib/x86_64-linux-gnu/libnss_compat-2.23.so
7f32bed06000-7f32bed07000 rw-p 00008000 08:03 10493137                   /lib/x86_64-linux-gnu/libnss_compat-2.23.so
7f32bed07000-7f32bed32000 r-xp 00000000 08:03 8794785                    /usr/lib/jvm/java-8-oracle/jre/lib/amd64/libjava.so
7f32bed32000-7f32bef31000 ---p 0002b000 08:03 8794785                    /usr/lib/jvm/java-8-oracle/jre/lib/amd64/libjava.so
7f32bef31000-7f32bef33000 rw-p 0002a000 08:03 8794785                    /usr/lib/jvm/java-8-oracle/jre/lib/amd64/libjava.so
7f32bef33000-7f32bef40000 r-xp 00000000 08:03 8794790                    /usr/lib/jvm/java-8-oracle/jre/lib/amd64/libverify.so
7f32bef40000-7f32bf13f000 ---p 0000d000 08:03 8794790                    /usr/lib/jvm/java-8-oracle/jre/lib/amd64/libverify.so
7f32bf13f000-7f32bf141000 rw-p 0000c000 08:03 8794790                    /usr/lib/jvm/java-8-oracle/jre/lib/amd64/libverify.so
7f32bf141000-7f32bf148000 r-xp 00000000 08:03 10493147                   /lib/x86_64-linux-gnu/librt-2.23.so
7f32bf148000-7f32bf347000 ---p 00007000 08:03 10493147                   /lib/x86_64-linux-gnu/librt-2.23.so
7f32bf347000-7f32bf348000 r--p 00006000 08:03 10493147                   /lib/x86_64-linux-gnu/librt-2.23.so
7f32bf348000-7f32bf349000 rw-p 00007000 08:03 10493147                   /lib/x86_64-linux-gnu/librt-2.23.so
7f32bf349000-7f32bf451000 r-xp 00000000 08:03 10486578                   /lib/x86_64-linux-gnu/libm-2.23.so
7f32bf451000-7f32bf650000 ---p 00108000 08:03 10486578                   /lib/x86_64-linux-gnu/libm-2.23.so
7f32bf650000-7f32bf651000 r--p 00107000 08:03 10486578                   /lib/x86_64-linux-gnu/libm-2.23.so
7f32bf651000-7f32bf652000 rw-p 00108000 08:03 10486578                   /lib/x86_64-linux-gnu/libm-2.23.so
7f32bf652000-7f32c0321000 r-xp 00000000 08:03 8794768                    /usr/lib/jvm/java-8-oracle/jre/lib/amd64/server/libjvm.so
7f32c0321000-7f32c0521000 ---p 00ccf000 08:03 8794768                    /usr/lib/jvm/java-8-oracle/jre/lib/amd64/server/libjvm.so
7f32c0521000-7f32c05fa000 rw-p 00ccf000 08:03 8794768                    /usr/lib/jvm/java-8-oracle/jre/lib/amd64/server/libjvm.so
7f32c05fa000-7f32c0645000 rw-p 00000000 00:00 0 
7f32c0645000-7f32c0805000 r-xp 00000000 08:03 10493129                   /lib/x86_64-linux-gnu/libc-2.23.so
7f32c0805000-7f32c0a05000 ---p 001c0000 08:03 10493129                   /lib/x86_64-linux-gnu/libc-2.23.so
7f32c0a05000-7f32c0a09000 r--p 001c0000 08:03 10493129                   /lib/x86_64-linux-gnu/libc-2.23.so
7f32c0a09000-7f32c0a0b000 rw-p 001c4000 08:03 10493129                   /lib/x86_64-linux-gnu/libc-2.23.so
7f32c0a0b000-7f32c0a0f000 rw-p 00000000 00:00 0 
7f32c0a0f000-7f32c0a12000 r-xp 00000000 08:03 10493131                   /lib/x86_64-linux-gnu/libdl-2.23.so
7f32c0a12000-7f32c0c11000 ---p 00003000 08:03 10493131                   /lib/x86_64-linux-gnu/libdl-2.23.so
7f32c0c11000-7f32c0c12000 r--p 00002000 08:03 10493131                   /lib/x86_64-linux-gnu/libdl-2.23.so
7f32c0c12000-7f32c0c13000 rw-p 00003000 08:03 10493131                   /lib/x86_64-linux-gnu/libdl-2.23.so
7f32c0c13000-7f32c0c28000 r-xp 00000000 08:03 7868291                    /usr/lib/jvm/java-8-oracle/lib/amd64/jli/libjli.so
7f32c0c28000-7f32c0e28000 ---p 00015000 08:03 7868291                    /usr/lib/jvm/java-8-oracle/lib/amd64/jli/libjli.so
7f32c0e28000-7f32c0e29000 rw-p 00015000 08:03 7868291                    /usr/lib/jvm/java-8-oracle/lib/amd64/jli/libjli.so
7f32c0e29000-7f32c0e41000 r-xp 00000000 08:03 10493128                   /lib/x86_64-linux-gnu/libpthread-2.23.so
7f32c0e41000-7f32c1040000 ---p 00018000 08:03 10493128                   /lib/x86_64-linux-gnu/libpthread-2.23.so
7f32c1040000-7f32c1041000 r--p 00017000 08:03 10493128                   /lib/x86_64-linux-gnu/libpthread-2.23.so
7f32c1041000-7f32c1042000 rw-p 00018000 08:03 10493128                   /lib/x86_64-linux-gnu/libpthread-2.23.so
7f32c1042000-7f32c1046000 rw-p 00000000 00:00 0 
7f32c1046000-7f32c106c000 r-xp 00000000 08:03 10493127                   /lib/x86_64-linux-gnu/ld-2.23.so
7f32c106c000-7f32c107f000 r--s 00345000 08:03 8004150                    /usr/lib/jvm/java-8-oracle/jre/lib/resources.jar
7f32c107f000-7f32c114a000 rw-p 00000000 00:00 0 
7f32c114a000-7f32c114d000 ---p 00000000 00:00 0 
7f32c114d000-7f32c1250000 rw-p 00000000 00:00 0 
7f32c1253000-7f32c1254000 r--p 00000000 08:03 8654476                    /usr/share/locale-langpack/en_GB/LC_MESSAGES/libc.mo
7f32c1254000-7f32c1259000 r--s 002f9000 08:03 8004144                    /usr/lib/jvm/java-8-oracle/jre/lib/charsets.jar
7f32c1259000-7f32c125c000 r--s 0001a000 08:03 8004157                    /usr/lib/jvm/java-8-oracle/jre/lib/jce.jar
7f32c125c000-7f32c1261000 r--s 0009a000 08:03 8004151                    /usr/lib/jvm/java-8-oracle/jre/lib/jsse.jar
7f32c1261000-7f32c1269000 rw-s 00000000 08:03 393435                     /tmp/hsperfdata_facaraff/19778
7f32c1269000-7f32c126a000 rw-p 00000000 00:00 0 
7f32c126a000-7f32c126b000 ---p 00000000 00:00 0 
7f32c126b000-7f32c126c000 r--p 00025000 08:03 10493127                   /lib/x86_64-linux-gnu/ld-2.23.so
7f32c126c000-7f32c126d000 rw-p 00026000 08:03 10493127                   /lib/x86_64-linux-gnu/ld-2.23.so
7f32c126d000-7f32c126e000 rw-p 00000000 00:00 0 
7ffc7703d000-7ffc7705e000 rw-p 00000000 00:00 0                          [stack]
7ffc770f3000-7ffc770f6000 r--p 00000000 00:00 0                          [vvar]
7ffc770f6000-7ffc770f8000 r-xp 00000000 00:00 0                          [vdso]
ffffffffff600000-ffffffffff601000 r-xp 00000000 00:00 0                  [vsyscall]

VM Arguments:
jvm_args: -Djava.library.path=/home/facaraff/git/BlasphMeme/BlasphMeme/bin/utils/benchmarks/nativeLibraries/x86_64 -Dfile.encoding=UTF-8 
java_command: RunExperiments
java_class_path (initial): /usr/lib/jvm/java-8-oracle/jre/lib/resources.jar:/usr/lib/jvm/java-8-oracle/jre/lib/rt.jar:/usr/lib/jvm/java-8-oracle/jre/lib/jsse.jar:/usr/lib/jvm/java-8-oracle/jre/lib/jce.jar:/usr/lib/jvm/java-8-oracle/jre/lib/charsets.jar:/usr/lib/jvm/java-8-oracle/jre/lib/jfr.jar:/usr/lib/jvm/java-8-oracle/jre/lib/ext/nashorn.jar:/usr/lib/jvm/java-8-oracle/jre/lib/ext/jfxrt.jar:/usr/lib/jvm/java-8-oracle/jre/lib/ext/localedata.jar:/usr/lib/jvm/java-8-oracle/jre/lib/ext/sunec.jar:/usr/lib/jvm/java-8-oracle/jre/lib/ext/zipfs.jar:/usr/lib/jvm/java-8-oracle/jre/lib/ext/dnsns.jar:/usr/lib/jvm/java-8-oracle/jre/lib/ext/jaccess.jar:/usr/lib/jvm/java-8-oracle/jre/lib/ext/sunpkcs11.jar:/usr/lib/jvm/java-8-oracle/jre/lib/ext/cldrdata.jar:/usr/lib/jvm/java-8-oracle/jre/lib/ext/sunjce_provider.jar:/home/facaraff/git/BlasphMeme/BlasphMeme/bin:/home/facaraff/git/BlasphMeme/BlasphMeme/jars/org.jar:/home/facaraff/git/BlasphMeme/BlasphMeme/jars/jsc.jar:/home/facaraff/git/BlasphMeme/BlasphMeme/jars/jblas-1.2.3.jar
Launcher Type: SUN_STANDARD

Environment Variables:
JAVA_HOME=/usr/lib/jvm/java-8-oracle
PATH=/home/facaraff/bin:/home/facaraff/.local/bin:/usr/local/sbin:/usr/local/bin:/usr/sbin:/usr/bin:/sbin:/bin:/usr/games:/usr/local/games:/snap/bin:/usr/lib/jvm/java-8-oracle/bin:/usr/lib/jvm/java-8-oracle/db/bin:/usr/lib/jvm/java-8-oracle/jre/bin
SHELL=/bin/bash
DISPLAY=:0

Signal Handlers:
SIGSEGV: [libjvm.so+0xac8af0], sa_mask[0]=11111111011111111101111111111110, sa_flags=SA_RESTART|SA_SIGINFO
SIGBUS: [libjvm.so+0xac8af0], sa_mask[0]=11111111011111111101111111111110, sa_flags=SA_RESTART|SA_SIGINFO
SIGFPE: [libjvm.so+0x921dd0], sa_mask[0]=11111111011111111101111111111110, sa_flags=SA_RESTART|SA_SIGINFO
SIGPIPE: [libjvm.so+0x921dd0], sa_mask[0]=11111111011111111101111111111110, sa_flags=SA_RESTART|SA_SIGINFO
SIGXFSZ: [libjvm.so+0x921dd0], sa_mask[0]=11111111011111111101111111111110, sa_flags=SA_RESTART|SA_SIGINFO
SIGILL: [libjvm.so+0x921dd0], sa_mask[0]=11111111011111111101111111111110, sa_flags=SA_RESTART|SA_SIGINFO
SIGUSR1: SIG_DFL, sa_mask[0]=00000000000000000000000000000000, sa_flags=none
SIGUSR2: [libjvm.so+0x923610], sa_mask[0]=00100000000000000000000000000000, sa_flags=SA_RESTART|SA_SIGINFO
SIGHUP: [libjvm.so+0x924a10], sa_mask[0]=11111111011111111101111111111110, sa_flags=SA_RESTART|SA_SIGINFO
SIGINT: [libjvm.so+0x924a10], sa_mask[0]=11111111011111111101111111111110, sa_flags=SA_RESTART|SA_SIGINFO
SIGTERM: [libjvm.so+0x924a10], sa_mask[0]=11111111011111111101111111111110, sa_flags=SA_RESTART|SA_SIGINFO
SIGQUIT: [libjvm.so+0x924a10], sa_mask[0]=11111111011111111101111111111110, sa_flags=SA_RESTART|SA_SIGINFO


---------------  S Y S T E M  ---------------

OS:DISTRIB_ID=Ubuntu
DISTRIB_RELEASE=16.04
DISTRIB_CODENAME=xenial
DISTRIB_DESCRIPTION="Ubuntu 16.04.1 LTS"

uname:Linux 4.4.0-119-generic #143-Ubuntu SMP Mon Apr 2 16:08:24 UTC 2018 x86_64
libc:glibc 2.23 NPTL 2.23 
rlimit: STACK 8192k, CORE 0k, NPROC 31374, NOFILE 1048576, AS infinity
load average:5.50 5.63 5.80

/proc/meminfo:
MemTotal:        8072552 kB
MemFree:          147172 kB
MemAvailable:      66096 kB
Buffers:             752 kB
Cached:           548980 kB
SwapCached:            0 kB
Active:          7253760 kB
Inactive:         455172 kB
Active(anon):    7228284 kB
Inactive(anon):   427640 kB
Active(file):      25476 kB
Inactive(file):    27532 kB
Unevictable:          64 kB
Mlocked:              64 kB
SwapTotal:             0 kB
SwapFree:              0 kB
Dirty:               348 kB
Writeback:             0 kB
AnonPages:       7159112 kB
Mapped:           233804 kB
Shmem:            496708 kB
Slab:              95300 kB
SReclaimable:      54720 kB
SUnreclaim:        40580 kB
KernelStack:       15648 kB
PageTables:        58044 kB
NFS_Unstable:          0 kB
Bounce:                0 kB
WritebackTmp:          0 kB
CommitLimit:     4036276 kB
Committed_AS:   15112700 kB
VmallocTotal:   34359738367 kB
VmallocUsed:           0 kB
VmallocChunk:          0 kB
HardwareCorrupted:     0 kB
AnonHugePages:         0 kB
CmaTotal:              0 kB
CmaFree:               0 kB
HugePages_Total:       0
HugePages_Free:        0
HugePages_Rsvd:        0
HugePages_Surp:        0
Hugepagesize:       2048 kB
DirectMap4k:      169984 kB
DirectMap2M:     8116224 kB
DirectMap1G:     1048576 kB


CPU:total 4 (initial active 4) (4 cores per cpu, 1 threads per core) family 6 model 60 stepping 3, cmov, cx8, fxsr, mmx, sse, sse2, sse3, ssse3, sse4.1, sse4.2, popcnt, avx, avx2, aes, clmul, erms, lzcnt, tsc, tscinvbit, bmi1, bmi2

/proc/cpuinfo:
processor	: 0
vendor_id	: GenuineIntel
cpu family	: 6
model		: 60
model name	: Intel(R) Core(TM) i5-4460  CPU @ 3.20GHz
stepping	: 3
microcode	: 0x24
cpu MHz		: 3200.000
cache size	: 6144 KB
physical id	: 0
siblings	: 4
core id		: 0
cpu cores	: 4
apicid		: 0
initial apicid	: 0
fpu		: yes
fpu_exception	: yes
cpuid level	: 13
wp		: yes
flags		: fpu vme de pse tsc msr pae mce cx8 apic sep mtrr pge mca cmov pat pse36 clflush dts acpi mmx fxsr sse sse2 ss ht tm pbe syscall nx pdpe1gb rdtscp lm constant_tsc arch_perfmon pebs bts rep_good nopl xtopology nonstop_tsc aperfmperf eagerfpu pni pclmulqdq dtes64 monitor ds_cpl vmx est tm2 ssse3 sdbg fma cx16 xtpr pdcm pcid sse4_1 sse4_2 x2apic movbe popcnt tsc_deadline_timer aes xsave avx f16c rdrand lahf_lm abm invpcid_single spec_ctrl retpoline kaiser tpr_shadow vnmi flexpriority ept vpid fsgsbase tsc_adjust bmi1 avx2 smep bmi2 erms invpcid xsaveopt dtherm ida arat pln pts
bugs		: cpu_meltdown spectre_v1 spectre_v2
bogomips	: 6385.00
clflush size	: 64
cache_alignment	: 64
address sizes	: 39 bits physical, 48 bits virtual
power management:

processor	: 1
vendor_id	: GenuineIntel
cpu family	: 6
model		: 60
model name	: Intel(R) Core(TM) i5-4460  CPU @ 3.20GHz
stepping	: 3
microcode	: 0x24
cpu MHz		: 3199.875
cache size	: 6144 KB
physical id	: 0
siblings	: 4
core id		: 1
cpu cores	: 4
apicid		: 2
initial apicid	: 2
fpu		: yes
fpu_exception	: yes
cpuid level	: 13
wp		: yes
flags		: fpu vme de pse tsc msr pae mce cx8 apic sep mtrr pge mca cmov pat pse36 clflush dts acpi mmx fxsr sse sse2 ss ht tm pbe syscall nx pdpe1gb rdtscp lm constant_tsc arch_perfmon pebs bts rep_good nopl xtopology nonstop_tsc aperfmperf eagerfpu pni pclmulqdq dtes64 monitor ds_cpl vmx est tm2 ssse3 sdbg fma cx16 xtpr pdcm pcid sse4_1 sse4_2 x2apic movbe popcnt tsc_deadline_timer aes xsave avx f16c rdrand lahf_lm abm invpcid_single spec_ctrl retpoline kaiser tpr_shadow vnmi flexpriority ept vpid fsgsbase tsc_adjust bmi1 avx2 smep bmi2 erms invpcid xsaveopt dtherm ida arat pln pts
bugs		: cpu_meltdown spectre_v1 spectre_v2
bogomips	: 6385.00
clflush size	: 64
cache_alignment	: 64
address sizes	: 39 bits physical, 48 bits virtual
power management:

processor	: 2
vendor_id	: GenuineIntel
cpu family	: 6
model		: 60
model name	: Intel(R) Core(TM) i5-4460  CPU @ 3.20GHz
stepping	: 3
microcode	: 0x24
cpu MHz		: 3200.000
cache size	: 6144 KB
physical id	: 0
siblings	: 4
core id		: 2
cpu cores	: 4
apicid		: 4
initial apicid	: 4
fpu		: yes
fpu_exception	: yes
cpuid level	: 13
wp		: yes
flags		: fpu vme de pse tsc msr pae mce cx8 apic sep mtrr pge mca cmov pat pse36 clflush dts acpi mmx fxsr sse sse2 ss ht tm pbe syscall nx pdpe1gb rdtscp lm constant_tsc arch_perfmon pebs bts rep_good nopl xtopology nonstop_tsc aperfmperf eagerfpu pni pclmulqdq dtes64 monitor ds_cpl vmx est tm2 ssse3 sdbg fma cx16 xtpr pdcm pcid sse4_1 sse4_2 x2apic movbe popcnt tsc_deadline_timer aes xsave avx f16c rdrand lahf_lm abm invpcid_single spec_ctrl retpoline kaiser tpr_shadow vnmi flexpriority ept vpid fsgsbase tsc_adjust bmi1 avx2 smep bmi2 erms invpcid xsaveopt dtherm ida arat pln pts
bugs		: cpu_meltdown spectre_v1 spectre_v2
bogomips	: 6385.00
clflush size	: 64
cache_alignment	: 64
address sizes	: 39 bits physical, 48 bits virtual
power management:

processor	: 3
vendor_id	: GenuineIntel
cpu family	: 6
model		: 60
model name	: Intel(R) Core(TM) i5-4460  CPU @ 3.20GHz
stepping	: 3
microcode	: 0x24
cpu MHz		: 3208.500
cache size	: 6144 KB
physical id	: 0
siblings	: 4
core id		: 3
cpu cores	: 4
apicid		: 6
initial apicid	: 6
fpu		: yes
fpu_exception	: yes
cpuid level	: 13
wp		: yes
flags		: fpu vme de pse tsc msr pae mce cx8 apic sep mtrr pge mca cmov pat pse36 clflush dts acpi mmx fxsr sse sse2 ss ht tm pbe syscall nx pdpe1gb rdtscp lm constant_tsc arch_perfmon pebs bts rep_good nopl xtopology nonstop_tsc aperfmperf eagerfpu pni pclmulqdq dtes64 monitor ds_cpl vmx est tm2 ssse3 sdbg fma cx16 xtpr pdcm pcid sse4_1 sse4_2 x2apic movbe popcnt tsc_deadline_timer aes xsave avx f16c rdrand lahf_lm abm invpcid_single spec_ctrl retpoline kaiser tpr_shadow vnmi flexpriority ept vpid fsgsbase tsc_adjust bmi1 avx2 smep bmi2 erms invpcid xsaveopt dtherm ida arat pln pts
bugs		: cpu_meltdown spectre_v1 spectre_v2
bogomips	: 6385.00
clflush size	: 64
cache_alignment	: 64
address sizes	: 39 bits physical, 48 bits virtual
power management:



Memory: 4k page, physical 8072552k(147172k free), swap 0k(0k free)

vm_info: Java HotSpot(TM) 64-Bit Server VM (25.131-b11) for linux-amd64 JRE (1.8.0_131-b11), built on Mar 15 2017 01:23:40 by "java_re" with gcc 4.3.0 20080428 (Red Hat 4.3.0-8)

time: Wed Apr 11 14:41:29 2018
elapsed time: 7 seconds (0d 0h 0m 7s)

