#
# There is insufficient memory for the Java Runtime Environment to continue.
# Native memory allocation (mmap) failed to map 246939648 bytes for committing reserved memory.
# Possible reasons:
#   The system is out of physical RAM or swap space
#   In 32 bit mode, the process size limit was hit
# Possible solutions:
#   Reduce memory load on the system
#   Increase physical memory or swap space
#   Check if swap backing store is full
#   Use 64 bit Java on a 64 bit OS
#   Decrease Java heap size (-Xmx/-Xms)
#   Decrease number of Java threads
#   Decrease Java thread stack sizes (-Xss)
#   Set larger code cache with -XX:ReservedCodeCacheSize=
# This output file may be truncated or incomplete.
#
#  Out of Memory Error (os_linux.cpp:2640), pid=19705, tid=0x00007f2fcbfff700
#
# JRE version: Java(TM) SE Runtime Environment (8.0_131-b11) (build 1.8.0_131-b11)
# Java VM: Java HotSpot(TM) 64-Bit Server VM (25.131-b11 mixed mode linux-amd64 compressed oops)
# Failed to write core dump. Core dumps have been disabled. To enable core dumping, try "ulimit -c unlimited" before starting Java again
#

---------------  T H R E A D  ---------------

Current thread (0x00007f2fe8078000):  VMThread [stack: 0x00007f2fcbeff000,0x00007f2fcc000000] [id=19716]

Stack: [0x00007f2fcbeff000,0x00007f2fcc000000],  sp=0x00007f2fcbffe0a0,  free space=1020k
Native frames: (J=compiled Java code, j=interpreted, Vv=VM code, C=native code)
V  [libjvm.so+0xac826a]  VMError::report_and_die()+0x2ba
V  [libjvm.so+0x4fd4cb]  report_vm_out_of_memory(char const*, int, unsigned long, VMErrorType, char const*)+0x8b
V  [libjvm.so+0x924f53]  os::Linux::commit_memory_impl(char*, unsigned long, bool)+0x103
V  [libjvm.so+0x9254a9]  os::pd_commit_memory(char*, unsigned long, unsigned long, bool)+0x29
V  [libjvm.so+0x91f6ca]  os::commit_memory(char*, unsigned long, unsigned long, bool)+0x2a
V  [libjvm.so+0x9941e3]  PSVirtualSpace::expand_by(unsigned long)+0x53
V  [libjvm.so+0x9955e8]  PSYoungGen::resize_generation(unsigned long, unsigned long)+0xf8
V  [libjvm.so+0x994742]  PSYoungGen::resize(unsigned long, unsigned long)+0x22
V  [libjvm.so+0x991a1b]  PSScavenge::invoke_no_policy()+0xf3b
V  [libjvm.so+0x9921a1]  PSScavenge::invoke()+0x41
V  [libjvm.so+0x948f00]  ParallelScavengeHeap::failed_mem_allocate(unsigned long)+0x70
V  [libjvm.so+0xac9c87]  VM_ParallelGCFailedAllocation::doit()+0x97
V  [libjvm.so+0xad1765]  VM_Operation::evaluate()+0x55
V  [libjvm.so+0xacfb3a]  VMThread::evaluate_operation(VM_Operation*)+0xba
V  [libjvm.so+0xacfebe]  VMThread::loop()+0x1ce
V  [libjvm.so+0xad0330]  VMThread::run()+0x70
V  [libjvm.so+0x927568]  java_start(Thread*)+0x108

VM_Operation (0x00007f2fcb31bd90): ParallelGCFailedAllocation, mode: safepoint, requested by thread 0x00007f2fe8127000


---------------  P R O C E S S  ---------------

Java Threads: ( => current thread )
  0x00007f2fe812a000 JavaThread "pool-1-thread-4" [_thread_blocked, id=19728, stack(0x00007f2fcb01b000,0x00007f2fcb11c000)]
  0x00007f2fe8128800 JavaThread "pool-1-thread-3" [_thread_blocked, id=19727, stack(0x00007f2fcb11c000,0x00007f2fcb21d000)]
  0x00007f2fe8127000 JavaThread "pool-1-thread-2" [_thread_blocked, id=19726, stack(0x00007f2fcb21d000,0x00007f2fcb31e000)]
  0x00007f2fe8125000 JavaThread "pool-1-thread-1" [_thread_blocked, id=19725, stack(0x00007f2fcb31e000,0x00007f2fcb41f000)]
  0x00007f2fe80c0800 JavaThread "Service Thread" daemon [_thread_blocked, id=19723, stack(0x00007f2fcb520000,0x00007f2fcb621000)]
  0x00007f2fe80be000 JavaThread "C1 CompilerThread2" daemon [_thread_blocked, id=19722, stack(0x00007f2fcb621000,0x00007f2fcb722000)]
  0x00007f2fe80bc000 JavaThread "C2 CompilerThread1" daemon [_thread_blocked, id=19721, stack(0x00007f2fcb722000,0x00007f2fcb823000)]
  0x00007f2fe80b9000 JavaThread "C2 CompilerThread0" daemon [_thread_blocked, id=19720, stack(0x00007f2fcb823000,0x00007f2fcb924000)]
  0x00007f2fe80b7800 JavaThread "Signal Dispatcher" daemon [_thread_blocked, id=19719, stack(0x00007f2fcb924000,0x00007f2fcba25000)]
  0x00007f2fe8084800 JavaThread "Finalizer" daemon [_thread_blocked, id=19718, stack(0x00007f2fcbcfd000,0x00007f2fcbdfe000)]
  0x00007f2fe807f800 JavaThread "Reference Handler" daemon [_thread_blocked, id=19717, stack(0x00007f2fcbdfe000,0x00007f2fcbeff000)]
  0x00007f2fe800a000 JavaThread "main" [_thread_blocked, id=19711, stack(0x00007f2ff0997000,0x00007f2ff0a98000)]

Other Threads:
=>0x00007f2fe8078000 VMThread [stack: 0x00007f2fcbeff000,0x00007f2fcc000000] [id=19716]
  0x00007f2fe80c3800 WatcherThread [stack: 0x00007f2fcb41f000,0x00007f2fcb520000] [id=19724]

VM state:at safepoint (normal execution)

VM Mutex/Monitor currently owned by a thread:  ([mutex/lock_event])
[0x00007f2fe8006720] Threads_lock - owner thread: 0x00007f2fe8078000
[0x00007f2fe8006c20] Heap_lock - owner thread: 0x00007f2fe8127000

Heap:
 PSYoungGen      total 409088K, used 256K [0x00000000d6f00000, 0x00000000f0600000, 0x0000000100000000)
  eden space 401408K, 0% used [0x00000000d6f00000,0x00000000d6f00000,0x00000000ef700000)
  from space 7680K, 3% used [0x00000000ef700000,0x00000000ef740000,0x00000000efe80000)
  to   space 7680K, 0% used [0x00000000efe80000,0x00000000efe80000,0x00000000f0600000)
 ParOldGen       total 84992K, used 11007K [0x0000000084c00000, 0x0000000089f00000, 0x00000000d6f00000)
  object space 84992K, 12% used [0x0000000084c00000,0x00000000856bfcd0,0x0000000089f00000)
 Metaspace       used 4303K, capacity 4860K, committed 5120K, reserved 1056768K
  class space    used 444K, capacity 496K, committed 512K, reserved 1048576K

Card table byte_map: [0x00007f2fed35e000,0x00007f2fed739000] byte_map_base: 0x00007f2fecf38000

Marking Bits: (ParMarkBitMap*) 0x00007f2fefe64f60
 Begin Bits: [0x00007f2fd0260000, 0x00007f2fd2130000)
 End Bits:   [0x00007f2fd2130000, 0x00007f2fd4000000)

Polling page: 0x00007f2ff0ab7000

CodeCache: size=245760Kb used=3624Kb max_used=3634Kb free=242136Kb
 bounds [0x00007f2fd9000000, 0x00007f2fd93a0000, 0x00007f2fe8000000]
 total_blobs=943 nmethods=676 adapters=181
 compilation: enabled

Compilation events (10 events):
Event: 16.373 Thread 0x00007f2fe80bc000  675       4       utils.RunAndStore$FTrend::getF (15 bytes)
Event: 16.376 Thread 0x00007f2fe80bc000 nmethod 675 0x00007f2fd9358590 code [0x00007f2fd93586e0, 0x00007f2fd93589b8]
Event: 16.376 Thread 0x00007f2fe80bc000  676       4       utils.RunAndStore$FTrend::getI (15 bytes)
Event: 16.379 Thread 0x00007f2fe80bc000 nmethod 676 0x00007f2fd9350f10 code [0x00007f2fd9351060, 0x00007f2fd9351338]
Event: 16.379 Thread 0x00007f2fe80be000  677       3       utils.algorithms.Misc::generateRandomSolution (43 bytes)
Event: 16.380 Thread 0x00007f2fe80be000 nmethod 677 0x00007f2fd936af50 code [0x00007f2fd936b0e0, 0x00007f2fd936b568]
Event: 16.471 Thread 0x00007f2fe80b9000 nmethod 673% 0x00007f2fd938a450 code [0x00007f2fd938a6a0, 0x00007f2fd938c1f0]
Event: 16.485 Thread 0x00007f2fe80bc000  678 %     4       algorithms.singleSolution.CMAES_11::execute @ 308 (408 bytes)
Event: 16.548 Thread 0x00007f2fe80bc000 nmethod 678% 0x00007f2fd938d310 code [0x00007f2fd938d580, 0x00007f2fd938f2b0]
Event: 16.565 Thread 0x00007f2fe80b9000  679       4       algorithms.singleSolution.CMAES_11::execute (408 bytes)

GC Heap History (10 events):
Event: 11.691 GC heap after
Heap after GC invocations=6 (full 0):
 PSYoungGen      total 130048K, used 4069K [0x00000000d6f00000, 0x00000000df500000, 0x0000000100000000)
  eden space 125952K, 0% used [0x00000000d6f00000,0x00000000d6f00000,0x00000000dea00000)
  from space 4096K, 99% used [0x00000000def00000,0x00000000df2f9690,0x00000000df300000)
  to   space 5120K, 0% used [0x00000000dea00000,0x00000000dea00000,0x00000000def00000)
 ParOldGen       total 84992K, used 564K [0x0000000084c00000, 0x0000000089f00000, 0x00000000d6f00000)
  object space 84992K, 0% used [0x0000000084c00000,0x0000000084c8d390,0x0000000089f00000)
 Metaspace       used 3928K, capacity 4700K, committed 4864K, reserved 1056768K
  class space    used 413K, capacity 464K, committed 512K, reserved 1048576K
}
Event: 12.342 GC heap before
{Heap before GC invocations=7 (full 0):
 PSYoungGen      total 130048K, used 130021K [0x00000000d6f00000, 0x00000000df500000, 0x0000000100000000)
  eden space 125952K, 100% used [0x00000000d6f00000,0x00000000dea00000,0x00000000dea00000)
  from space 4096K, 99% used [0x00000000def00000,0x00000000df2f9690,0x00000000df300000)
  to   space 5120K, 0% used [0x00000000dea00000,0x00000000dea00000,0x00000000def00000)
 ParOldGen       total 84992K, used 564K [0x0000000084c00000, 0x0000000089f00000, 0x00000000d6f00000)
  object space 84992K, 0% used [0x0000000084c00000,0x0000000084c8d390,0x0000000089f00000)
 Metaspace       used 3933K, capacity 4700K, committed 4864K, reserved 1056768K
  class space    used 413K, capacity 464K, committed 512K, reserved 1048576K
Event: 12.384 GC heap after
Heap after GC invocations=7 (full 0):
 PSYoungGen      total 131072K, used 5054K [0x00000000d6f00000, 0x00000000e7100000, 0x0000000100000000)
  eden space 125952K, 0% used [0x00000000d6f00000,0x00000000d6f00000,0x00000000dea00000)
  from space 5120K, 98% used [0x00000000dea00000,0x00000000deeef810,0x00000000def00000)
  to   space 6144K, 0% used [0x00000000e6b00000,0x00000000e6b00000,0x00000000e7100000)
 ParOldGen       total 84992K, used 2016K [0x0000000084c00000, 0x0000000089f00000, 0x00000000d6f00000)
  object space 84992K, 2% used [0x0000000084c00000,0x0000000084df80f0,0x0000000089f00000)
 Metaspace       used 3933K, capacity 4700K, committed 4864K, reserved 1056768K
  class space    used 413K, capacity 464K, committed 512K, reserved 1048576K
}
Event: 13.093 GC heap before
{Heap before GC invocations=8 (full 0):
 PSYoungGen      total 131072K, used 131006K [0x00000000d6f00000, 0x00000000e7100000, 0x0000000100000000)
  eden space 125952K, 100% used [0x00000000d6f00000,0x00000000dea00000,0x00000000dea00000)
  from space 5120K, 98% used [0x00000000dea00000,0x00000000deeef810,0x00000000def00000)
  to   space 6144K, 0% used [0x00000000e6b00000,0x00000000e6b00000,0x00000000e7100000)
 ParOldGen       total 84992K, used 2016K [0x0000000084c00000, 0x0000000089f00000, 0x00000000d6f00000)
  object space 84992K, 2% used [0x0000000084c00000,0x0000000084df80f0,0x0000000089f00000)
 Metaspace       used 3936K, capacity 4700K, committed 4864K, reserved 1056768K
  class space    used 413K, capacity 464K, committed 512K, reserved 1048576K
Event: 13.114 GC heap after
Heap after GC invocations=8 (full 0):
 PSYoungGen      total 257024K, used 5607K [0x00000000d6f00000, 0x00000000e7300000, 0x0000000100000000)
  eden space 250880K, 0% used [0x00000000d6f00000,0x00000000d6f00000,0x00000000e6400000)
  from space 6144K, 91% used [0x00000000e6b00000,0x00000000e7079fa0,0x00000000e7100000)
  to   space 7168K, 0% used [0x00000000e6400000,0x00000000e6400000,0x00000000e6b00000)
 ParOldGen       total 84992K, used 3814K [0x0000000084c00000, 0x0000000089f00000, 0x00000000d6f00000)
  object space 84992K, 4% used [0x0000000084c00000,0x0000000084fb9890,0x0000000089f00000)
 Metaspace       used 3936K, capacity 4700K, committed 4864K, reserved 1056768K
  class space    used 413K, capacity 464K, committed 512K, reserved 1048576K
}
Event: 15.571 GC heap before
{Heap before GC invocations=9 (full 0):
 PSYoungGen      total 257024K, used 256487K [0x00000000d6f00000, 0x00000000e7300000, 0x0000000100000000)
  eden space 250880K, 100% used [0x00000000d6f00000,0x00000000e6400000,0x00000000e6400000)
  from space 6144K, 91% used [0x00000000e6b00000,0x00000000e7079fa0,0x00000000e7100000)
  to   space 7168K, 0% used [0x00000000e6400000,0x00000000e6400000,0x00000000e6b00000)
 ParOldGen       total 84992K, used 3814K [0x0000000084c00000, 0x0000000089f00000, 0x00000000d6f00000)
  object space 84992K, 4% used [0x0000000084c00000,0x0000000084fb9890,0x0000000089f00000)
 Metaspace       used 4263K, capacity 4828K, committed 5120K, reserved 1056768K
  class space    used 440K, capacity 464K, committed 512K, reserved 1048576K
Event: 15.587 GC heap after
Heap after GC invocations=9 (full 0):
 PSYoungGen      total 258048K, used 5820K [0x00000000d6f00000, 0x00000000f0600000, 0x0000000100000000)
  eden space 250880K, 0% used [0x00000000d6f00000,0x00000000d6f00000,0x00000000e6400000)
  from space 7168K, 81% used [0x00000000e6400000,0x00000000e69af370,0x00000000e6b00000)
  to   space 7680K, 0% used [0x00000000efe80000,0x00000000efe80000,0x00000000f0600000)
 ParOldGen       total 84992K, used 5387K [0x0000000084c00000, 0x0000000089f00000, 0x00000000d6f00000)
  object space 84992K, 6% used [0x0000000084c00000,0x0000000085142ee0,0x0000000089f00000)
 Metaspace       used 4263K, capacity 4828K, committed 5120K, reserved 1056768K
  class space    used 440K, capacity 464K, committed 512K, reserved 1048576K
}
Event: 15.984 GC heap before
{Heap before GC invocations=10 (full 0):
 PSYoungGen      total 258048K, used 256700K [0x00000000d6f00000, 0x00000000f0600000, 0x0000000100000000)
  eden space 250880K, 100% used [0x00000000d6f00000,0x00000000e6400000,0x00000000e6400000)
  from space 7168K, 81% used [0x00000000e6400000,0x00000000e69af370,0x00000000e6b00000)
  to   space 7680K, 0% used [0x00000000efe80000,0x00000000efe80000,0x00000000f0600000)
 ParOldGen       total 84992K, used 5387K [0x0000000084c00000, 0x0000000089f00000, 0x00000000d6f00000)
  object space 84992K, 6% used [0x0000000084c00000,0x0000000085142ee0,0x0000000089f00000)
 Metaspace       used 4296K, capacity 4860K, committed 5120K, reserved 1056768K
  class space    used 444K, capacity 496K, committed 512K, reserved 1048576K
Event: 15.999 GC heap after
Heap after GC invocations=10 (full 0):
 PSYoungGen      total 409088K, used 2142K [0x00000000d6f00000, 0x00000000f0600000, 0x0000000100000000)
  eden space 401408K, 0% used [0x00000000d6f00000,0x00000000d6f00000,0x00000000ef700000)
  from space 7680K, 27% used [0x00000000efe80000,0x00000000f0097bc8,0x00000000f0600000)
  to   space 7680K, 0% used [0x00000000ef700000,0x00000000ef700000,0x00000000efe80000)
 ParOldGen       total 84992K, used 9357K [0x0000000084c00000, 0x0000000089f00000, 0x00000000d6f00000)
  object space 84992K, 11% used [0x0000000084c00000,0x00000000855234c0,0x0000000089f00000)
 Metaspace       used 4296K, capacity 4860K, committed 5120K, reserved 1056768K
  class space    used 444K, capacity 496K, committed 512K, reserved 1048576K
}
Event: 16.776 GC heap before
{Heap before GC invocations=11 (full 0):
 PSYoungGen      total 409088K, used 403550K [0x00000000d6f00000, 0x00000000f0600000, 0x0000000100000000)
  eden space 401408K, 100% used [0x00000000d6f00000,0x00000000ef700000,0x00000000ef700000)
  from space 7680K, 27% used [0x00000000efe80000,0x00000000f0097bc8,0x00000000f0600000)
  to   space 7680K, 0% used [0x00000000ef700000,0x00000000ef700000,0x00000000efe80000)
 ParOldGen       total 84992K, used 9357K [0x0000000084c00000, 0x0000000089f00000, 0x00000000d6f00000)
  object space 84992K, 11% used [0x0000000084c00000,0x00000000855234c0,0x0000000089f00000)
 Metaspace       used 4303K, capacity 4860K, committed 5120K, reserved 1056768K
  class space    used 444K, capacity 496K, committed 512K, reserved 1048576K

Deoptimization events (10 events):
Event: 14.097 Thread 0x00007f2fe800a000 Uncommon trap: reason=class_check action=maybe_recompile pc=0x00007f2fd91d75d0 method=java.util.regex.Pattern$Start.match(Ljava/util/regex/Matcher;ILjava/lang/CharSequence;)Z @ 44
Event: 14.098 Thread 0x00007f2fe800a000 Uncommon trap: reason=class_check action=maybe_recompile pc=0x00007f2fd918ff24 method=java.util.regex.Pattern$Start.match(Ljava/util/regex/Matcher;ILjava/lang/CharSequence;)Z @ 44
Event: 14.144 Thread 0x00007f2fe800a000 Uncommon trap: reason=class_check action=maybe_recompile pc=0x00007f2fd91d1764 method=java.util.regex.Pattern$Start.match(Ljava/util/regex/Matcher;ILjava/lang/CharSequence;)Z @ 44
Event: 15.373 Thread 0x00007f2fe8125000 Uncommon trap: reason=intrinsic action=make_not_entrant pc=0x00007f2fd932c254 method=algorithms.singleSolution.NonUniformSA.execute(Linterfaces/Problem;I)Lutils/RunAndStore$FTrend; @ 522
Event: 15.811 Thread 0x00007f2fe812a000 Uncommon trap: reason=unstable_if action=reinterpret pc=0x00007f2fd9339234 method=algorithms.singleSolution.CMAES_11.execute(Linterfaces/Problem;I)Lutils/RunAndStore$FTrend; @ 374
Event: 15.815 Thread 0x00007f2fe812a000 Uncommon trap: reason=intrinsic action=make_not_entrant pc=0x00007f2fd933f058 method=algorithms.singleSolution.NonUniformSA.execute(Linterfaces/Problem;I)Lutils/RunAndStore$FTrend; @ 346
Event: 15.872 Thread 0x00007f2fe8128800 Uncommon trap: reason=unstable_if action=reinterpret pc=0x00007f2fd9339234 method=algorithms.singleSolution.CMAES_11.execute(Linterfaces/Problem;I)Lutils/RunAndStore$FTrend; @ 374
Event: 16.176 Thread 0x00007f2fe8125000 Uncommon trap: reason=unstable_if action=reinterpret pc=0x00007f2fd93541e4 method=utils.algorithms.Misc.toro([D[[D)[D @ 77
Event: 16.176 Thread 0x00007f2fe8125000 Uncommon trap: reason=unstable_if action=reinterpret pc=0x00007f2fd9306ec0 method=utils.algorithms.Misc.toro([D[[D)[D @ 77
Event: 16.190 Thread 0x00007f2fe8125000 Uncommon trap: reason=unstable_if action=reinterpret pc=0x00007f2fd93327d8 method=utils.algorithms.Misc.toro([D[[D)[D @ 77

Internal exceptions (6 events):
Event: 2.537 Thread 0x00007f2fe800a000 Exception <a 'java/lang/NoSuchMethodError': Method sun.misc.Unsafe.defineClass(Ljava/lang/String;[BII)Ljava/lang/Class; name or signature does not match> (0x00000000d6f07ca8) thrown at [/HUDSON/workspace/8-2-build-linux-amd64/jdk8u131/8869/hotspot/src/sha
Event: 2.537 Thread 0x00007f2fe800a000 Exception <a 'java/lang/NoSuchMethodError': Method sun.misc.Unsafe.prefetchRead(Ljava/lang/Object;J)V name or signature does not match> (0x00000000d6f07f90) thrown at [/HUDSON/workspace/8-2-build-linux-amd64/jdk8u131/8869/hotspot/src/share/vm/prims/jni.cp
Event: 6.509 Thread 0x00007f2fe800a000 Exception <a 'java/security/PrivilegedActionException'> (0x00000000d6f92010) thrown at [/HUDSON/workspace/8-2-build-linux-amd64/jdk8u131/8869/hotspot/src/share/vm/prims/jvm.cpp, line 1390]
Event: 6.509 Thread 0x00007f2fe800a000 Exception <a 'java/security/PrivilegedActionException'> (0x00000000d6f92220) thrown at [/HUDSON/workspace/8-2-build-linux-amd64/jdk8u131/8869/hotspot/src/share/vm/prims/jvm.cpp, line 1390]
Event: 6.510 Thread 0x00007f2fe800a000 Exception <a 'java/security/PrivilegedActionException'> (0x00000000d6f94870) thrown at [/HUDSON/workspace/8-2-build-linux-amd64/jdk8u131/8869/hotspot/src/share/vm/prims/jvm.cpp, line 1390]
Event: 6.510 Thread 0x00007f2fe800a000 Exception <a 'java/security/PrivilegedActionException'> (0x00000000d6f94a80) thrown at [/HUDSON/workspace/8-2-build-linux-amd64/jdk8u131/8869/hotspot/src/share/vm/prims/jvm.cpp, line 1390]

Events (10 events):
Event: 16.576 Thread 0x00007f2fe8125000 DEOPT UNPACKING pc=0x00007f2fd9047633 sp=0x00007f2fcb41cf20 mode 0
Event: 16.582 Thread 0x00007f2fe8127000 DEOPT PACKING pc=0x00007f2fd938160d sp=0x00007f2fcb31bfb0
Event: 16.582 Thread 0x00007f2fe8127000 DEOPT UNPACKING pc=0x00007f2fd9047633 sp=0x00007f2fcb31bda0 mode 0
Event: 16.647 Thread 0x00007f2fe8128800 DEOPT PACKING pc=0x00007f2fd938164a sp=0x00007f2fcb21b030
Event: 16.647 Thread 0x00007f2fe8128800 DEOPT UNPACKING pc=0x00007f2fd9047633 sp=0x00007f2fcb21ae20 mode 0
Event: 16.676 Thread 0x00007f2fe812a000 DEOPT PACKING pc=0x00007f2fd938164a sp=0x00007f2fcb11a2b0
Event: 16.676 Thread 0x00007f2fe812a000 DEOPT UNPACKING pc=0x00007f2fd9047633 sp=0x00007f2fcb11a0a0 mode 0
Event: 16.701 Thread 0x00007f2fe8125000 DEOPT PACKING pc=0x00007f2fd938160d sp=0x00007f2fcb41d130
Event: 16.701 Thread 0x00007f2fe8125000 DEOPT UNPACKING pc=0x00007f2fd9047633 sp=0x00007f2fcb41cf20 mode 0
Event: 16.775 Executing VM operation: ParallelGCFailedAllocation


Dynamic libraries:
00400000-00401000 r-xp 00000000 08:03 6828935                            /usr/lib/jvm/java-8-oracle/bin/java
00600000-00601000 rw-p 00000000 08:03 6828935                            /usr/lib/jvm/java-8-oracle/bin/java
014b2000-014d3000 rw-p 00000000 00:00 0                                  [heap]
84c00000-89f00000 rw-p 00000000 00:00 0 
89f00000-d6f00000 ---p 00000000 00:00 0 
d6f00000-f0600000 rw-p 00000000 00:00 0 
ff180000-100000000 ---p 00000000 00:00 0 
100000000-100080000 rw-p 00000000 00:00 0 
100080000-140000000 ---p 00000000 00:00 0 
7f2f8c000000-7f2f8c021000 rw-p 00000000 00:00 0 
7f2f8c021000-7f2f90000000 ---p 00000000 00:00 0 
7f2f90000000-7f2f90021000 rw-p 00000000 00:00 0 
7f2f90021000-7f2f94000000 ---p 00000000 00:00 0 
7f2f94000000-7f2f94021000 rw-p 00000000 00:00 0 
7f2f94021000-7f2f98000000 ---p 00000000 00:00 0 
7f2f98000000-7f2f9828f000 rw-p 00000000 00:00 0 
7f2f9828f000-7f2f9c000000 ---p 00000000 00:00 0 
7f2f9c000000-7f2f9c021000 rw-p 00000000 00:00 0 
7f2f9c021000-7f2fa0000000 ---p 00000000 00:00 0 
7f2fa0000000-7f2fa0021000 rw-p 00000000 00:00 0 
7f2fa0021000-7f2fa4000000 ---p 00000000 00:00 0 
7f2fa4000000-7f2fa4986000 rw-p 00000000 00:00 0 
7f2fa4986000-7f2fa8000000 ---p 00000000 00:00 0 
7f2fa8000000-7f2fa83b4000 rw-p 00000000 00:00 0 
7f2fa83b4000-7f2fac000000 ---p 00000000 00:00 0 
7f2fac000000-7f2fac021000 rw-p 00000000 00:00 0 
7f2fac021000-7f2fb0000000 ---p 00000000 00:00 0 
7f2fb0000000-7f2fb074e000 rw-p 00000000 00:00 0 
7f2fb074e000-7f2fb4000000 ---p 00000000 00:00 0 
7f2fb4000000-7f2fb4021000 rw-p 00000000 00:00 0 
7f2fb4021000-7f2fb8000000 ---p 00000000 00:00 0 
7f2fb8000000-7f2fb8021000 rw-p 00000000 00:00 0 
7f2fb8021000-7f2fbc000000 ---p 00000000 00:00 0 
7f2fbc000000-7f2fbc021000 rw-p 00000000 00:00 0 
7f2fbc021000-7f2fc0000000 ---p 00000000 00:00 0 
7f2fc0000000-7f2fc028f000 rw-p 00000000 00:00 0 
7f2fc028f000-7f2fc4000000 ---p 00000000 00:00 0 
7f2fc4000000-7f2fc4021000 rw-p 00000000 00:00 0 
7f2fc4021000-7f2fc8000000 ---p 00000000 00:00 0 
7f2fcb01b000-7f2fcb01e000 ---p 00000000 00:00 0 
7f2fcb01e000-7f2fcb11c000 rw-p 00000000 00:00 0 
7f2fcb11c000-7f2fcb11f000 ---p 00000000 00:00 0 
7f2fcb11f000-7f2fcb21d000 rw-p 00000000 00:00 0 
7f2fcb21d000-7f2fcb220000 ---p 00000000 00:00 0 
7f2fcb220000-7f2fcb31e000 rw-p 00000000 00:00 0 
7f2fcb31e000-7f2fcb321000 ---p 00000000 00:00 0 
7f2fcb321000-7f2fcb41f000 rw-p 00000000 00:00 0 
7f2fcb41f000-7f2fcb420000 ---p 00000000 00:00 0 
7f2fcb420000-7f2fcb520000 rw-p 00000000 00:00 0 
7f2fcb520000-7f2fcb523000 ---p 00000000 00:00 0 
7f2fcb523000-7f2fcb621000 rw-p 00000000 00:00 0 
7f2fcb621000-7f2fcb624000 ---p 00000000 00:00 0 
7f2fcb624000-7f2fcb722000 rw-p 00000000 00:00 0 
7f2fcb722000-7f2fcb725000 ---p 00000000 00:00 0 
7f2fcb725000-7f2fcb823000 rw-p 00000000 00:00 0 
7f2fcb823000-7f2fcb826000 ---p 00000000 00:00 0 
7f2fcb826000-7f2fcb924000 rw-p 00000000 00:00 0 
7f2fcb924000-7f2fcb927000 ---p 00000000 00:00 0 
7f2fcb927000-7f2fcba25000 rw-p 00000000 00:00 0 
7f2fcba25000-7f2fcbcfd000 r--p 00000000 08:03 6816161                    /usr/lib/locale/locale-archive
7f2fcbcfd000-7f2fcbd00000 ---p 00000000 00:00 0 
7f2fcbd00000-7f2fcbdfe000 rw-p 00000000 00:00 0 
7f2fcbdfe000-7f2fcbe01000 ---p 00000000 00:00 0 
7f2fcbe01000-7f2fcbeff000 rw-p 00000000 00:00 0 
7f2fcbeff000-7f2fcbf00000 ---p 00000000 00:00 0 
7f2fcbf00000-7f2fcc000000 rw-p 00000000 00:00 0 
7f2fcc000000-7f2fcc021000 rw-p 00000000 00:00 0 
7f2fcc021000-7f2fd0000000 ---p 00000000 00:00 0 
7f2fd005e000-7f2fd4000000 rw-p 00000000 00:00 0 
7f2fd4000000-7f2fd4021000 rw-p 00000000 00:00 0 
7f2fd4021000-7f2fd8000000 ---p 00000000 00:00 0 
7f2fd808d000-7f2fd80b7000 r--s 001ce000 08:03 27657519                   /home/facaraff/git/BlasphMeme/BlasphMeme/jars/org.jar
7f2fd80b7000-7f2fd8e27000 rw-p 00000000 00:00 0 
7f2fd8e27000-7f2fd9000000 r--s 03d40000 08:03 8004146                    /usr/lib/jvm/java-8-oracle/jre/lib/rt.jar
7f2fd9000000-7f2fd93a0000 rwxp 00000000 00:00 0 
7f2fd93a0000-7f2fe8000000 ---p 00000000 00:00 0 
7f2fe8000000-7f2fe812c000 rw-p 00000000 00:00 0 
7f2fe812c000-7f2fec000000 ---p 00000000 00:00 0 
7f2fec003000-7f2fec008000 r--s 00084000 08:03 8004123                    /usr/lib/jvm/java-8-oracle/jre/lib/jfr.jar
7f2fec008000-7f2fec56e000 rw-p 00000000 00:00 0 
7f2fec56e000-7f2fec8ee000 ---p 00000000 00:00 0 
7f2fec8ee000-7f2feccc8000 rw-p 00000000 00:00 0 
7f2feccc8000-7f2feccc9000 ---p 00000000 00:00 0 
7f2feccc9000-7f2fecdc9000 rw-p 00000000 00:00 0 
7f2fecdc9000-7f2fecdca000 ---p 00000000 00:00 0 
7f2fecdca000-7f2fececa000 rw-p 00000000 00:00 0 
7f2fececa000-7f2fececb000 ---p 00000000 00:00 0 
7f2fececb000-7f2fecfcb000 rw-p 00000000 00:00 0 
7f2fecfcb000-7f2fecfcc000 ---p 00000000 00:00 0 
7f2fecfcc000-7f2fed0f6000 rw-p 00000000 00:00 0 
7f2fed0f6000-7f2fed35e000 ---p 00000000 00:00 0 
7f2fed35e000-7f2fed388000 rw-p 00000000 00:00 0 
7f2fed388000-7f2fed5ef000 ---p 00000000 00:00 0 
7f2fed5ef000-7f2fed6bb000 rw-p 00000000 00:00 0 
7f2fed6bb000-7f2fed738000 ---p 00000000 00:00 0 
7f2fed738000-7f2fed748000 rw-p 00000000 00:00 0 
7f2fed748000-7f2fedaf9000 ---p 00000000 00:00 0 
7f2fedaf9000-7f2fedb13000 r-xp 00000000 08:03 8794791                    /usr/lib/jvm/java-8-oracle/jre/lib/amd64/libzip.so
7f2fedb13000-7f2fedd13000 ---p 0001a000 08:03 8794791                    /usr/lib/jvm/java-8-oracle/jre/lib/amd64/libzip.so
7f2fedd13000-7f2fedd14000 rw-p 0001a000 08:03 8794791                    /usr/lib/jvm/java-8-oracle/jre/lib/amd64/libzip.so
7f2fedd14000-7f2fedd1f000 r-xp 00000000 08:03 10493142                   /lib/x86_64-linux-gnu/libnss_files-2.23.so
7f2fedd1f000-7f2fedf1e000 ---p 0000b000 08:03 10493142                   /lib/x86_64-linux-gnu/libnss_files-2.23.so
7f2fedf1e000-7f2fedf1f000 r--p 0000a000 08:03 10493142                   /lib/x86_64-linux-gnu/libnss_files-2.23.so
7f2fedf1f000-7f2fedf20000 rw-p 0000b000 08:03 10493142                   /lib/x86_64-linux-gnu/libnss_files-2.23.so
7f2fedf20000-7f2fedf26000 rw-p 00000000 00:00 0 
7f2fedf26000-7f2fedf31000 r-xp 00000000 08:03 10493146                   /lib/x86_64-linux-gnu/libnss_nis-2.23.so
7f2fedf31000-7f2fee130000 ---p 0000b000 08:03 10493146                   /lib/x86_64-linux-gnu/libnss_nis-2.23.so
7f2fee130000-7f2fee131000 r--p 0000a000 08:03 10493146                   /lib/x86_64-linux-gnu/libnss_nis-2.23.so
7f2fee131000-7f2fee132000 rw-p 0000b000 08:03 10493146                   /lib/x86_64-linux-gnu/libnss_nis-2.23.so
7f2fee132000-7f2fee148000 r-xp 00000000 08:03 10486579                   /lib/x86_64-linux-gnu/libnsl-2.23.so
7f2fee148000-7f2fee347000 ---p 00016000 08:03 10486579                   /lib/x86_64-linux-gnu/libnsl-2.23.so
7f2fee347000-7f2fee348000 r--p 00015000 08:03 10486579                   /lib/x86_64-linux-gnu/libnsl-2.23.so
7f2fee348000-7f2fee349000 rw-p 00016000 08:03 10486579                   /lib/x86_64-linux-gnu/libnsl-2.23.so
7f2fee349000-7f2fee34b000 rw-p 00000000 00:00 0 
7f2fee34b000-7f2fee353000 r-xp 00000000 08:03 10493137                   /lib/x86_64-linux-gnu/libnss_compat-2.23.so
7f2fee353000-7f2fee552000 ---p 00008000 08:03 10493137                   /lib/x86_64-linux-gnu/libnss_compat-2.23.so
7f2fee552000-7f2fee553000 r--p 00007000 08:03 10493137                   /lib/x86_64-linux-gnu/libnss_compat-2.23.so
7f2fee553000-7f2fee554000 rw-p 00008000 08:03 10493137                   /lib/x86_64-linux-gnu/libnss_compat-2.23.so
7f2fee554000-7f2fee57f000 r-xp 00000000 08:03 8794785                    /usr/lib/jvm/java-8-oracle/jre/lib/amd64/libjava.so
7f2fee57f000-7f2fee77e000 ---p 0002b000 08:03 8794785                    /usr/lib/jvm/java-8-oracle/jre/lib/amd64/libjava.so
7f2fee77e000-7f2fee780000 rw-p 0002a000 08:03 8794785                    /usr/lib/jvm/java-8-oracle/jre/lib/amd64/libjava.so
7f2fee780000-7f2fee78d000 r-xp 00000000 08:03 8794790                    /usr/lib/jvm/java-8-oracle/jre/lib/amd64/libverify.so
7f2fee78d000-7f2fee98c000 ---p 0000d000 08:03 8794790                    /usr/lib/jvm/java-8-oracle/jre/lib/amd64/libverify.so
7f2fee98c000-7f2fee98e000 rw-p 0000c000 08:03 8794790                    /usr/lib/jvm/java-8-oracle/jre/lib/amd64/libverify.so
7f2fee98e000-7f2fee995000 r-xp 00000000 08:03 10493147                   /lib/x86_64-linux-gnu/librt-2.23.so
7f2fee995000-7f2feeb94000 ---p 00007000 08:03 10493147                   /lib/x86_64-linux-gnu/librt-2.23.so
7f2feeb94000-7f2feeb95000 r--p 00006000 08:03 10493147                   /lib/x86_64-linux-gnu/librt-2.23.so
7f2feeb95000-7f2feeb96000 rw-p 00007000 08:03 10493147                   /lib/x86_64-linux-gnu/librt-2.23.so
7f2feeb96000-7f2feec9e000 r-xp 00000000 08:03 10486578                   /lib/x86_64-linux-gnu/libm-2.23.so
7f2feec9e000-7f2feee9d000 ---p 00108000 08:03 10486578                   /lib/x86_64-linux-gnu/libm-2.23.so
7f2feee9d000-7f2feee9e000 r--p 00107000 08:03 10486578                   /lib/x86_64-linux-gnu/libm-2.23.so
7f2feee9e000-7f2feee9f000 rw-p 00108000 08:03 10486578                   /lib/x86_64-linux-gnu/libm-2.23.so
7f2feee9f000-7f2fefb6e000 r-xp 00000000 08:03 8794768                    /usr/lib/jvm/java-8-oracle/jre/lib/amd64/server/libjvm.so
7f2fefb6e000-7f2fefd6e000 ---p 00ccf000 08:03 8794768                    /usr/lib/jvm/java-8-oracle/jre/lib/amd64/server/libjvm.so
7f2fefd6e000-7f2fefe47000 rw-p 00ccf000 08:03 8794768                    /usr/lib/jvm/java-8-oracle/jre/lib/amd64/server/libjvm.so
7f2fefe47000-7f2fefe92000 rw-p 00000000 00:00 0 
7f2fefe92000-7f2ff0052000 r-xp 00000000 08:03 10493129                   /lib/x86_64-linux-gnu/libc-2.23.so
7f2ff0052000-7f2ff0252000 ---p 001c0000 08:03 10493129                   /lib/x86_64-linux-gnu/libc-2.23.so
7f2ff0252000-7f2ff0256000 r--p 001c0000 08:03 10493129                   /lib/x86_64-linux-gnu/libc-2.23.so
7f2ff0256000-7f2ff0258000 rw-p 001c4000 08:03 10493129                   /lib/x86_64-linux-gnu/libc-2.23.so
7f2ff0258000-7f2ff025c000 rw-p 00000000 00:00 0 
7f2ff025c000-7f2ff025f000 r-xp 00000000 08:03 10493131                   /lib/x86_64-linux-gnu/libdl-2.23.so
7f2ff025f000-7f2ff045e000 ---p 00003000 08:03 10493131                   /lib/x86_64-linux-gnu/libdl-2.23.so
7f2ff045e000-7f2ff045f000 r--p 00002000 08:03 10493131                   /lib/x86_64-linux-gnu/libdl-2.23.so
7f2ff045f000-7f2ff0460000 rw-p 00003000 08:03 10493131                   /lib/x86_64-linux-gnu/libdl-2.23.so
7f2ff0460000-7f2ff0475000 r-xp 00000000 08:03 7868291                    /usr/lib/jvm/java-8-oracle/lib/amd64/jli/libjli.so
7f2ff0475000-7f2ff0675000 ---p 00015000 08:03 7868291                    /usr/lib/jvm/java-8-oracle/lib/amd64/jli/libjli.so
7f2ff0675000-7f2ff0676000 rw-p 00015000 08:03 7868291                    /usr/lib/jvm/java-8-oracle/lib/amd64/jli/libjli.so
7f2ff0676000-7f2ff068e000 r-xp 00000000 08:03 10493128                   /lib/x86_64-linux-gnu/libpthread-2.23.so
7f2ff068e000-7f2ff088d000 ---p 00018000 08:03 10493128                   /lib/x86_64-linux-gnu/libpthread-2.23.so
7f2ff088d000-7f2ff088e000 r--p 00017000 08:03 10493128                   /lib/x86_64-linux-gnu/libpthread-2.23.so
7f2ff088e000-7f2ff088f000 rw-p 00018000 08:03 10493128                   /lib/x86_64-linux-gnu/libpthread-2.23.so
7f2ff088f000-7f2ff0893000 rw-p 00000000 00:00 0 
7f2ff0893000-7f2ff08b9000 r-xp 00000000 08:03 10493127                   /lib/x86_64-linux-gnu/ld-2.23.so
7f2ff08b9000-7f2ff08cc000 r--s 00345000 08:03 8004150                    /usr/lib/jvm/java-8-oracle/jre/lib/resources.jar
7f2ff08cc000-7f2ff0997000 rw-p 00000000 00:00 0 
7f2ff0997000-7f2ff099a000 ---p 00000000 00:00 0 
7f2ff099a000-7f2ff0a9d000 rw-p 00000000 00:00 0 
7f2ff0aa0000-7f2ff0aa1000 r--p 00000000 08:03 8654476                    /usr/share/locale-langpack/en_GB/LC_MESSAGES/libc.mo
7f2ff0aa1000-7f2ff0aa6000 r--s 002f9000 08:03 8004144                    /usr/lib/jvm/java-8-oracle/jre/lib/charsets.jar
7f2ff0aa6000-7f2ff0aa9000 r--s 0001a000 08:03 8004157                    /usr/lib/jvm/java-8-oracle/jre/lib/jce.jar
7f2ff0aa9000-7f2ff0aae000 r--s 0009a000 08:03 8004151                    /usr/lib/jvm/java-8-oracle/jre/lib/jsse.jar
7f2ff0aae000-7f2ff0ab6000 rw-s 00000000 08:03 393435                     /tmp/hsperfdata_facaraff/19705
7f2ff0ab6000-7f2ff0ab7000 rw-p 00000000 00:00 0 
7f2ff0ab7000-7f2ff0ab8000 ---p 00000000 00:00 0 
7f2ff0ab8000-7f2ff0ab9000 r--p 00025000 08:03 10493127                   /lib/x86_64-linux-gnu/ld-2.23.so
7f2ff0ab9000-7f2ff0aba000 rw-p 00026000 08:03 10493127                   /lib/x86_64-linux-gnu/ld-2.23.so
7f2ff0aba000-7f2ff0abb000 rw-p 00000000 00:00 0 
7ffdd6a51000-7ffdd6a72000 rw-p 00000000 00:00 0                          [stack]
7ffdd6a7c000-7ffdd6a7f000 r--p 00000000 00:00 0                          [vvar]
7ffdd6a7f000-7ffdd6a81000 r-xp 00000000 00:00 0                          [vdso]
ffffffffff600000-ffffffffff601000 r-xp 00000000 00:00 0                  [vsyscall]

VM Arguments:
jvm_args: -Djava.library.path=/home/facaraff/git/BlasphMeme/BlasphMeme/bin/utils/benchmarks/nativeLibraries/x86_64 -Dfile.encoding=UTF-8 
java_command: RunExperiments
java_class_path (initial): /usr/lib/jvm/java-8-oracle/jre/lib/resources.jar:/usr/lib/jvm/java-8-oracle/jre/lib/rt.jar:/usr/lib/jvm/java-8-oracle/jre/lib/jsse.jar:/usr/lib/jvm/java-8-oracle/jre/lib/jce.jar:/usr/lib/jvm/java-8-oracle/jre/lib/charsets.jar:/usr/lib/jvm/java-8-oracle/jre/lib/jfr.jar:/usr/lib/jvm/java-8-oracle/jre/lib/ext/nashorn.jar:/usr/lib/jvm/java-8-oracle/jre/lib/ext/jfxrt.jar:/usr/lib/jvm/java-8-oracle/jre/lib/ext/localedata.jar:/usr/lib/jvm/java-8-oracle/jre/lib/ext/sunec.jar:/usr/lib/jvm/java-8-oracle/jre/lib/ext/zipfs.jar:/usr/lib/jvm/java-8-oracle/jre/lib/ext/dnsns.jar:/usr/lib/jvm/java-8-oracle/jre/lib/ext/jaccess.jar:/usr/lib/jvm/java-8-oracle/jre/lib/ext/sunpkcs11.jar:/usr/lib/jvm/java-8-oracle/jre/lib/ext/cldrdata.jar:/usr/lib/jvm/java-8-oracle/jre/lib/ext/sunjce_provider.jar:/home/facaraff/git/BlasphMeme/BlasphMeme/bin:/home/facaraff/git/BlasphMeme/BlasphMeme/jars/org.jar:/home/facaraff/git/BlasphMeme/BlasphMeme/jars/jsc.jar:/home/facaraff/git/BlasphMeme/BlasphMeme/jars/jblas-1.2.3.jar
Launcher Type: SUN_STANDARD

Environment Variables:
JAVA_HOME=/usr/lib/jvm/java-8-oracle
PATH=/home/facaraff/bin:/home/facaraff/.local/bin:/usr/local/sbin:/usr/local/bin:/usr/sbin:/usr/bin:/sbin:/bin:/usr/games:/usr/local/games:/snap/bin:/usr/lib/jvm/java-8-oracle/bin:/usr/lib/jvm/java-8-oracle/db/bin:/usr/lib/jvm/java-8-oracle/jre/bin
SHELL=/bin/bash
DISPLAY=:0

Signal Handlers:
SIGSEGV: [libjvm.so+0xac8af0], sa_mask[0]=11111111011111111101111111111110, sa_flags=SA_RESTART|SA_SIGINFO
SIGBUS: [libjvm.so+0xac8af0], sa_mask[0]=11111111011111111101111111111110, sa_flags=SA_RESTART|SA_SIGINFO
SIGFPE: [libjvm.so+0x921dd0], sa_mask[0]=11111111011111111101111111111110, sa_flags=SA_RESTART|SA_SIGINFO
SIGPIPE: [libjvm.so+0x921dd0], sa_mask[0]=11111111011111111101111111111110, sa_flags=SA_RESTART|SA_SIGINFO
SIGXFSZ: [libjvm.so+0x921dd0], sa_mask[0]=11111111011111111101111111111110, sa_flags=SA_RESTART|SA_SIGINFO
SIGILL: [libjvm.so+0x921dd0], sa_mask[0]=11111111011111111101111111111110, sa_flags=SA_RESTART|SA_SIGINFO
SIGUSR1: SIG_DFL, sa_mask[0]=00000000000000000000000000000000, sa_flags=none
SIGUSR2: [libjvm.so+0x923610], sa_mask[0]=00100000000000000000000000000000, sa_flags=SA_RESTART|SA_SIGINFO
SIGHUP: [libjvm.so+0x924a10], sa_mask[0]=11111111011111111101111111111110, sa_flags=SA_RESTART|SA_SIGINFO
SIGINT: [libjvm.so+0x924a10], sa_mask[0]=11111111011111111101111111111110, sa_flags=SA_RESTART|SA_SIGINFO
SIGTERM: [libjvm.so+0x924a10], sa_mask[0]=11111111011111111101111111111110, sa_flags=SA_RESTART|SA_SIGINFO
SIGQUIT: [libjvm.so+0x924a10], sa_mask[0]=11111111011111111101111111111110, sa_flags=SA_RESTART|SA_SIGINFO


---------------  S Y S T E M  ---------------

OS:DISTRIB_ID=Ubuntu
DISTRIB_RELEASE=16.04
DISTRIB_CODENAME=xenial
DISTRIB_DESCRIPTION="Ubuntu 16.04.1 LTS"

uname:Linux 4.4.0-119-generic #143-Ubuntu SMP Mon Apr 2 16:08:24 UTC 2018 x86_64
libc:glibc 2.23 NPTL 2.23 
rlimit: STACK 8192k, CORE 0k, NPROC 31374, NOFILE 1048576, AS infinity
load average:6.25 5.77 5.86

/proc/meminfo:
MemTotal:        8072552 kB
MemFree:          128116 kB
MemAvailable:      64960 kB
Buffers:            1564 kB
Cached:           593408 kB
SwapCached:            0 kB
Active:          7254976 kB
Inactive:         473708 kB
Active(anon):    7209324 kB
Inactive(anon):   430788 kB
Active(file):      45652 kB
Inactive(file):    42920 kB
Unevictable:          64 kB
Mlocked:              64 kB
SwapTotal:             0 kB
SwapFree:              0 kB
Dirty:              3248 kB
Writeback:             0 kB
AnonPages:       7134588 kB
Mapped:           273312 kB
Shmem:            505628 kB
Slab:              96176 kB
SReclaimable:      54988 kB
SUnreclaim:        41188 kB
KernelStack:       15648 kB
PageTables:        58016 kB
NFS_Unstable:          0 kB
Bounce:                0 kB
WritebackTmp:          0 kB
CommitLimit:     4036276 kB
Committed_AS:   15111068 kB
VmallocTotal:   34359738367 kB
VmallocUsed:           0 kB
VmallocChunk:          0 kB
HardwareCorrupted:     0 kB
AnonHugePages:         0 kB
CmaTotal:              0 kB
CmaFree:               0 kB
HugePages_Total:       0
HugePages_Free:        0
HugePages_Rsvd:        0
HugePages_Surp:        0
Hugepagesize:       2048 kB
DirectMap4k:      169984 kB
DirectMap2M:     8116224 kB
DirectMap1G:     1048576 kB


CPU:total 4 (initial active 4) (4 cores per cpu, 1 threads per core) family 6 model 60 stepping 3, cmov, cx8, fxsr, mmx, sse, sse2, sse3, ssse3, sse4.1, sse4.2, popcnt, avx, avx2, aes, clmul, erms, lzcnt, tsc, tscinvbit, bmi1, bmi2

/proc/cpuinfo:
processor	: 0
vendor_id	: GenuineIntel
cpu family	: 6
model		: 60
model name	: Intel(R) Core(TM) i5-4460  CPU @ 3.20GHz
stepping	: 3
microcode	: 0x24
cpu MHz		: 3199.875
cache size	: 6144 KB
physical id	: 0
siblings	: 4
core id		: 0
cpu cores	: 4
apicid		: 0
initial apicid	: 0
fpu		: yes
fpu_exception	: yes
cpuid level	: 13
wp		: yes
flags		: fpu vme de pse tsc msr pae mce cx8 apic sep mtrr pge mca cmov pat pse36 clflush dts acpi mmx fxsr sse sse2 ss ht tm pbe syscall nx pdpe1gb rdtscp lm constant_tsc arch_perfmon pebs bts rep_good nopl xtopology nonstop_tsc aperfmperf eagerfpu pni pclmulqdq dtes64 monitor ds_cpl vmx est tm2 ssse3 sdbg fma cx16 xtpr pdcm pcid sse4_1 sse4_2 x2apic movbe popcnt tsc_deadline_timer aes xsave avx f16c rdrand lahf_lm abm invpcid_single spec_ctrl retpoline kaiser tpr_shadow vnmi flexpriority ept vpid fsgsbase tsc_adjust bmi1 avx2 smep bmi2 erms invpcid xsaveopt dtherm ida arat pln pts
bugs		: cpu_meltdown spectre_v1 spectre_v2
bogomips	: 6385.00
clflush size	: 64
cache_alignment	: 64
address sizes	: 39 bits physical, 48 bits virtual
power management:

processor	: 1
vendor_id	: GenuineIntel
cpu family	: 6
model		: 60
model name	: Intel(R) Core(TM) i5-4460  CPU @ 3.20GHz
stepping	: 3
microcode	: 0x24
cpu MHz		: 3200.000
cache size	: 6144 KB
physical id	: 0
siblings	: 4
core id		: 1
cpu cores	: 4
apicid		: 2
initial apicid	: 2
fpu		: yes
fpu_exception	: yes
cpuid level	: 13
wp		: yes
flags		: fpu vme de pse tsc msr pae mce cx8 apic sep mtrr pge mca cmov pat pse36 clflush dts acpi mmx fxsr sse sse2 ss ht tm pbe syscall nx pdpe1gb rdtscp lm constant_tsc arch_perfmon pebs bts rep_good nopl xtopology nonstop_tsc aperfmperf eagerfpu pni pclmulqdq dtes64 monitor ds_cpl vmx est tm2 ssse3 sdbg fma cx16 xtpr pdcm pcid sse4_1 sse4_2 x2apic movbe popcnt tsc_deadline_timer aes xsave avx f16c rdrand lahf_lm abm invpcid_single spec_ctrl retpoline kaiser tpr_shadow vnmi flexpriority ept vpid fsgsbase tsc_adjust bmi1 avx2 smep bmi2 erms invpcid xsaveopt dtherm ida arat pln pts
bugs		: cpu_meltdown spectre_v1 spectre_v2
bogomips	: 6385.00
clflush size	: 64
cache_alignment	: 64
address sizes	: 39 bits physical, 48 bits virtual
power management:

processor	: 2
vendor_id	: GenuineIntel
cpu family	: 6
model		: 60
model name	: Intel(R) Core(TM) i5-4460  CPU @ 3.20GHz
stepping	: 3
microcode	: 0x24
cpu MHz		: 3200.000
cache size	: 6144 KB
physical id	: 0
siblings	: 4
core id		: 2
cpu cores	: 4
apicid		: 4
initial apicid	: 4
fpu		: yes
fpu_exception	: yes
cpuid level	: 13
wp		: yes
flags		: fpu vme de pse tsc msr pae mce cx8 apic sep mtrr pge mca cmov pat pse36 clflush dts acpi mmx fxsr sse sse2 ss ht tm pbe syscall nx pdpe1gb rdtscp lm constant_tsc arch_perfmon pebs bts rep_good nopl xtopology nonstop_tsc aperfmperf eagerfpu pni pclmulqdq dtes64 monitor ds_cpl vmx est tm2 ssse3 sdbg fma cx16 xtpr pdcm pcid sse4_1 sse4_2 x2apic movbe popcnt tsc_deadline_timer aes xsave avx f16c rdrand lahf_lm abm invpcid_single spec_ctrl retpoline kaiser tpr_shadow vnmi flexpriority ept vpid fsgsbase tsc_adjust bmi1 avx2 smep bmi2 erms invpcid xsaveopt dtherm ida arat pln pts
bugs		: cpu_meltdown spectre_v1 spectre_v2
bogomips	: 6385.00
clflush size	: 64
cache_alignment	: 64
address sizes	: 39 bits physical, 48 bits virtual
power management:

processor	: 3
vendor_id	: GenuineIntel
cpu family	: 6
model		: 60
model name	: Intel(R) Core(TM) i5-4460  CPU @ 3.20GHz
stepping	: 3
microcode	: 0x24
cpu MHz		: 3200.000
cache size	: 6144 KB
physical id	: 0
siblings	: 4
core id		: 3
cpu cores	: 4
apicid		: 6
initial apicid	: 6
fpu		: yes
fpu_exception	: yes
cpuid level	: 13
wp		: yes
flags		: fpu vme de pse tsc msr pae mce cx8 apic sep mtrr pge mca cmov pat pse36 clflush dts acpi mmx fxsr sse sse2 ss ht tm pbe syscall nx pdpe1gb rdtscp lm constant_tsc arch_perfmon pebs bts rep_good nopl xtopology nonstop_tsc aperfmperf eagerfpu pni pclmulqdq dtes64 monitor ds_cpl vmx est tm2 ssse3 sdbg fma cx16 xtpr pdcm pcid sse4_1 sse4_2 x2apic movbe popcnt tsc_deadline_timer aes xsave avx f16c rdrand lahf_lm abm invpcid_single spec_ctrl retpoline kaiser tpr_shadow vnmi flexpriority ept vpid fsgsbase tsc_adjust bmi1 avx2 smep bmi2 erms invpcid xsaveopt dtherm ida arat pln pts
bugs		: cpu_meltdown spectre_v1 spectre_v2
bogomips	: 6385.00
clflush size	: 64
cache_alignment	: 64
address sizes	: 39 bits physical, 48 bits virtual
power management:



Memory: 4k page, physical 8072552k(128116k free), swap 0k(0k free)

vm_info: Java HotSpot(TM) 64-Bit Server VM (25.131-b11) for linux-amd64 JRE (1.8.0_131-b11), built on Mar 15 2017 01:23:40 by "java_re" with gcc 4.3.0 20080428 (Red Hat 4.3.0-8)

time: Wed Apr 11 14:39:46 2018
elapsed time: 17 seconds (0d 0h 0m 17s)

